# JRE version: OpenJDK Runtime Environment (8.0_242-b01) (build 1.8.0_242-release-1644-b01)
# Java VM: OpenJDK 64-Bit Server VM (25.242-b01 mixed mode windows-amd64 compressed oops)
Heap:
 PSYoungGen      total 136192K, used 33892K [0x00000000d5580000, 0x00000000ddf80000, 0x0000000100000000)
  eden space 131072K, 21% used [0x00000000d5580000,0x00000000d71a1008,0x00000000dd580000)
  from space 5120K, 99% used [0x00000000dda80000,0x00000000ddf78030,0x00000000ddf80000)
  to   space 5120K, 0% used [0x00000000dd580000,0x00000000dd580000,0x00000000dda80000)
 ParOldGen       total 55296K, used 18398K [0x0000000080000000, 0x0000000083600000, 0x00000000d5580000)
  object space 55296K, 33% used [0x0000000080000000,0x00000000811f7bd8,0x0000000083600000)
 Metaspace       used 37675K, capacity 39396K, committed 39592K, reserved 1083392K
  class space    used 5159K, capacity 5485K, committed 5552K, reserved 1048576K
GC Heap History (10 events):
Event: 1.828 GC heap before
{Heap before GC invocations=6 (full 1):
 PSYoungGen      total 136192K, used 5108K [0x00000000d5580000, 0x00000000ddf80000, 0x0000000100000000)
  eden space 131072K, 0% used [0x00000000d5580000,0x00000000d5580000,0x00000000dd580000)
  from space 5120K, 99% used [0x00000000dd580000,0x00000000dda7d060,0x00000000dda80000)
  to   space 5120K, 0% used [0x00000000dda80000,0x00000000dda80000,0x00000000ddf80000)
 ParOldGen       total 86016K, used 10919K [0x0000000080000000, 0x0000000085400000, 0x00000000d5580000)
  object space 86016K, 12% used [0x0000000080000000,0x0000000080aa9f38,0x0000000085400000)
 Metaspace       used 20554K, capacity 21208K, committed 21296K, reserved 1067008K
  class space    used 2873K, capacity 3076K, committed 3120K, reserved 1048576K
Event: 1.853 GC heap after
Heap after GC invocations=6 (full 1):
 PSYoungGen      total 136192K, used 0K [0x00000000d5580000, 0x00000000ddf80000, 0x0000000100000000)
  eden space 131072K, 0% used [0x00000000d5580000,0x00000000d5580000,0x00000000dd580000)
  from space 5120K, 0% used [0x00000000dd580000,0x00000000dd580000,0x00000000dda80000)
  to   space 5120K, 0% used [0x00000000dda80000,0x00000000dda80000,0x00000000ddf80000)
 ParOldGen       total 55296K, used 6901K [0x0000000080000000, 0x0000000083600000, 0x00000000d5580000)
  object space 55296K, 12% used [0x0000000080000000,0x00000000806bd578,0x0000000083600000)
 Metaspace       used 20554K, capacity 21208K, committed 21296K, reserved 1067008K
  class space    used 2873K, capacity 3076K, committed 3120K, reserved 1048576K
}
Event: 2.646 GC heap before
{Heap before GC invocations=7 (full 1):
 PSYoungGen      total 136192K, used 131072K [0x00000000d5580000, 0x00000000ddf80000, 0x0000000100000000)
  eden space 131072K, 100% used [0x00000000d5580000,0x00000000dd580000,0x00000000dd580000)
  from space 5120K, 0% used [0x00000000dd580000,0x00000000dd580000,0x00000000dda80000)
  to   space 5120K, 0% used [0x00000000dda80000,0x00000000dda80000,0x00000000ddf80000)
 ParOldGen       total 55296K, used 6901K [0x0000000080000000, 0x0000000083600000, 0x00000000d5580000)
  object space 55296K, 12% used [0x0000000080000000,0x00000000806bd578,0x0000000083600000)
 Metaspace       used 32652K, capacity 33658K, committed 33968K, reserved 1079296K
  class space    used 4452K, capacity 4687K, committed 4784K, reserved 1048576K
Event: 2.655 GC heap after
Heap after GC invocations=7 (full 1):
 PSYoungGen      total 136192K, used 5114K [0x00000000d5580000, 0x00000000ddf80000, 0x0000000100000000)
  eden space 131072K, 0% used [0x00000000d5580000,0x00000000d5580000,0x00000000dd580000)
  from space 5120K, 99% used [0x00000000dda80000,0x00000000ddf7ea18,0x00000000ddf80000)
  to   space 5120K, 0% used [0x00000000dd580000,0x00000000dd580000,0x00000000dda80000)
 ParOldGen       total 55296K, used 16121K [0x0000000080000000, 0x0000000083600000, 0x00000000d5580000)
  object space 55296K, 29% used [0x0000000080000000,0x0000000080fbe4b8,0x0000000083600000)
 Metaspace       used 32652K, capacity 33658K, committed 33968K, reserved 1079296K
  class space    used 4452K, capacity 4687K, committed 4784K, reserved 1048576K
}
Event: 2.841 GC heap before
{Heap before GC invocations=8 (full 1):
 PSYoungGen      total 136192K, used 41483K [0x00000000d5580000, 0x00000000ddf80000, 0x0000000100000000)
  eden space 131072K, 27% used [0x00000000d5580000,0x00000000d7904438,0x00000000dd580000)
  from space 5120K, 99% used [0x00000000dda80000,0x00000000ddf7ea18,0x00000000ddf80000)
  to   space 5120K, 0% used [0x00000000dd580000,0x00000000dd580000,0x00000000dda80000)
 ParOldGen       total 55296K, used 16121K [0x0000000080000000, 0x0000000083600000, 0x00000000d5580000)
  object space 55296K, 29% used [0x0000000080000000,0x0000000080fbe4b8,0x0000000083600000)
 Metaspace       used 34300K, capacity 35398K, committed 35496K, reserved 1079296K
  class space    used 4721K, capacity 5002K, committed 5040K, reserved 1048576K
Event: 2.846 GC heap after
Heap after GC invocations=8 (full 1):
 PSYoungGen      total 136192K, used 5120K [0x00000000d5580000, 0x00000000ddf80000, 0x0000000100000000)
  eden space 131072K, 0% used [0x00000000d5580000,0x00000000d5580000,0x00000000dd580000)
  from space 5120K, 100% used [0x00000000dd580000,0x00000000dda80000,0x00000000dda80000)
  to   space 5120K, 0% used [0x00000000dda80000,0x00000000dda80000,0x00000000ddf80000)
 ParOldGen       total 55296K, used 18425K [0x0000000080000000, 0x0000000083600000, 0x00000000d5580000)
  object space 55296K, 33% used [0x0000000080000000,0x00000000811fe6e8,0x0000000083600000)
 Metaspace       used 34300K, capacity 35398K, committed 35496K, reserved 1079296K
  class space    used 4721K, capacity 5002K, committed 5040K, reserved 1048576K
}
Event: 2.846 GC heap before
{Heap before GC invocations=9 (full 2):
 PSYoungGen      total 136192K, used 5120K [0x00000000d5580000, 0x00000000ddf80000, 0x0000000100000000)
  eden space 131072K, 0% used [0x00000000d5580000,0x00000000d5580000,0x00000000dd580000)
  from space 5120K, 100% used [0x00000000dd580000,0x00000000dda80000,0x00000000dda80000)
  to   space 5120K, 0% used [0x00000000dda80000,0x00000000dda80000,0x00000000ddf80000)
 ParOldGen       total 55296K, used 18425K [0x0000000080000000, 0x0000000083600000, 0x00000000d5580000)
  object space 55296K, 33% used [0x0000000080000000,0x00000000811fe6e8,0x0000000083600000)
 Metaspace       used 34300K, capacity 35398K, committed 35496K, reserved 1079296K
  class space    used 4721K, capacity 5002K, committed 5040K, reserved 1048576K
Event: 2.881 GC heap after
Heap after GC invocations=9 (full 2):
 PSYoungGen      total 136192K, used 0K [0x00000000d5580000, 0x00000000ddf80000, 0x0000000100000000)
  eden space 131072K, 0% used [0x00000000d5580000,0x00000000d5580000,0x00000000dd580000)
  from space 5120K, 0% used [0x00000000dd580000,0x00000000dd580000,0x00000000dda80000)
  to   space 5120K, 0% used [0x00000000dda80000,0x00000000dda80000,0x00000000ddf80000)
 ParOldGen       total 55296K, used 15967K [0x0000000080000000, 0x0000000083600000, 0x00000000d5580000)
  object space 55296K, 28% used [0x0000000080000000,0x0000000080f97f00,0x0000000083600000)
 Metaspace       used 34300K, capacity 35398K, committed 35496K, reserved 1079296K
  class space    used 4721K, capacity 5002K, committed 5040K, reserved 1048576K
}
Event: 9.411 GC heap before
{Heap before GC invocations=10 (full 2):
 PSYoungGen      total 136192K, used 131072K [0x00000000d5580000, 0x00000000ddf80000, 0x0000000100000000)
  eden space 131072K, 100% used [0x00000000d5580000,0x00000000dd580000,0x00000000dd580000)
  from space 5120K, 0% used [0x00000000dd580000,0x00000000dd580000,0x00000000dda80000)
  to   space 5120K, 0% used [0x00000000dda80000,0x00000000dda80000,0x00000000ddf80000)
 ParOldGen       total 55296K, used 15967K [0x0000000080000000, 0x0000000083600000, 0x00000000d5580000)
  object space 55296K, 28% used [0x0000000080000000,0x0000000080f97f00,0x0000000083600000)
 Metaspace       used 37278K, capacity 38960K, committed 39208K, reserved 1083392K
  class space    used 5097K, capacity 5409K, committed 5424K, reserved 1048576K
Event: 9.417 GC heap after
Heap after GC invocations=10 (full 2):
 PSYoungGen      total 136192K, used 5088K [0x00000000d5580000, 0x00000000ddf80000, 0x0000000100000000)
  eden space 131072K, 0% used [0x00000000d5580000,0x00000000d5580000,0x00000000dd580000)
  from space 5120K, 99% used [0x00000000dda80000,0x00000000ddf78030,0x00000000ddf80000)
  to   space 5120K, 0% used [0x00000000dd580000,0x00000000dd580000,0x00000000dda80000)
 ParOldGen       total 55296K, used 18398K [0x0000000080000000, 0x0000000083600000, 0x00000000d5580000)
  object space 55296K, 33% used [0x0000000080000000,0x00000000811f7bd8,0x0000000083600000)
 Metaspace       used 37278K, capacity 38960K, committed 39208K, reserved 1083392K
  class space    used 5097K, capacity 5409K, committed 5424K, reserved 1048576K
}

