# JRE version: OpenJDK Runtime Environment (8.0_242-b01) (build 1.8.0_242-release-1644-b01)
# Java VM: OpenJDK 64-Bit Server VM (25.242-b01 mixed mode windows-amd64 compressed oops)
Heap:
 PSYoungGen      total 397824K, used 359659K [0x00000000d5580000, 0x00000000f2380000, 0x0000000100000000)
  eden space 328704K, 89% used [0x00000000d5580000,0x00000000e7341b60,0x00000000e9680000)
  from space 69120K, 96% used [0x00000000edf00000,0x00000000f2079400,0x00000000f2280000)
  to   space 72192K, 0% used [0x00000000e9680000,0x00000000e9680000,0x00000000edd00000)
 ParOldGen       total 209408K, used 125620K [0x0000000080000000, 0x000000008cc80000, 0x00000000d5580000)
  object space 209408K, 59% used [0x0000000080000000,0x0000000087aad068,0x000000008cc80000)
 Metaspace       used 133385K, capacity 141962K, committed 142248K, reserved 1171456K
  class space    used 17726K, capacity 19339K, committed 19376K, reserved 1048576K
GC Heap History (10 events):
Event: 684.522 GC heap before
{Heap before GC invocations=24 (full 4):
 PSYoungGen      total 317440K, used 317436K [0x00000000d5580000, 0x00000000f0600000, 0x0000000100000000)
  eden space 273920K, 100% used [0x00000000d5580000,0x00000000e6100000,0x00000000e6100000)
  from space 43520K, 99% used [0x00000000e6100000,0x00000000e8b7f2d0,0x00000000e8b80000)
  to   space 65536K, 0% used [0x00000000ec600000,0x00000000ec600000,0x00000000f0600000)
 ParOldGen       total 209408K, used 111637K [0x0000000080000000, 0x000000008cc80000, 0x00000000d5580000)
  object space 209408K, 53% used [0x0000000080000000,0x0000000086d056f8,0x000000008cc80000)
 Metaspace       used 103638K, capacity 110094K, committed 110376K, reserved 1144832K
  class space    used 13793K, capacity 15022K, committed 15152K, reserved 1048576K
Event: 684.565 GC heap after
Heap after GC invocations=24 (full 4):
 PSYoungGen      total 369152K, used 42295K [0x00000000d5580000, 0x00000000f0480000, 0x0000000100000000)
  eden space 305152K, 0% used [0x00000000d5580000,0x00000000d5580000,0x00000000e7f80000)
  from space 64000K, 66% used [0x00000000ec600000,0x00000000eef4dd78,0x00000000f0480000)
  to   space 68096K, 0% used [0x00000000e7f80000,0x00000000e7f80000,0x00000000ec200000)
 ParOldGen       total 209408K, used 111645K [0x0000000080000000, 0x000000008cc80000, 0x00000000d5580000)
  object space 209408K, 53% used [0x0000000080000000,0x0000000086d076f8,0x000000008cc80000)
 Metaspace       used 103638K, capacity 110094K, committed 110376K, reserved 1144832K
  class space    used 13793K, capacity 15022K, committed 15152K, reserved 1048576K
}
Event: 881.027 GC heap before
{Heap before GC invocations=25 (full 4):
 PSYoungGen      total 369152K, used 347445K [0x00000000d5580000, 0x00000000f0480000, 0x0000000100000000)
  eden space 305152K, 99% used [0x00000000d5580000,0x00000000e7f7f768,0x00000000e7f80000)
  from space 64000K, 66% used [0x00000000ec600000,0x00000000eef4dd78,0x00000000f0480000)
  to   space 68096K, 0% used [0x00000000e7f80000,0x00000000e7f80000,0x00000000ec200000)
 ParOldGen       total 209408K, used 111645K [0x0000000080000000, 0x000000008cc80000, 0x00000000d5580000)
  object space 209408K, 53% used [0x0000000080000000,0x0000000086d076f8,0x000000008cc80000)
 Metaspace       used 104201K, capacity 110808K, committed 110888K, reserved 1144832K
  class space    used 13828K, capacity 15083K, committed 15152K, reserved 1048576K
Event: 881.057 GC heap after
Heap after GC invocations=25 (full 4):
 PSYoungGen      total 373248K, used 40822K [0x00000000d5580000, 0x00000000f2280000, 0x0000000100000000)
  eden space 305152K, 0% used [0x00000000d5580000,0x00000000d5580000,0x00000000e7f80000)
  from space 68096K, 59% used [0x00000000e7f80000,0x00000000ea75db18,0x00000000ec200000)
  to   space 69120K, 0% used [0x00000000edf00000,0x00000000edf00000,0x00000000f2280000)
 ParOldGen       total 209408K, used 111653K [0x0000000080000000, 0x000000008cc80000, 0x00000000d5580000)
  object space 209408K, 53% used [0x0000000080000000,0x0000000086d096f8,0x000000008cc80000)
 Metaspace       used 104201K, capacity 110808K, committed 110888K, reserved 1144832K
  class space    used 13828K, capacity 15083K, committed 15152K, reserved 1048576K
}
Event: 916.317 GC heap before
{Heap before GC invocations=26 (full 4):
 PSYoungGen      total 373248K, used 345974K [0x00000000d5580000, 0x00000000f2280000, 0x0000000100000000)
  eden space 305152K, 100% used [0x00000000d5580000,0x00000000e7f80000,0x00000000e7f80000)
  from space 68096K, 59% used [0x00000000e7f80000,0x00000000ea75db18,0x00000000ec200000)
  to   space 69120K, 0% used [0x00000000edf00000,0x00000000edf00000,0x00000000f2280000)
 ParOldGen       total 209408K, used 111653K [0x0000000080000000, 0x000000008cc80000, 0x00000000d5580000)
  object space 209408K, 53% used [0x0000000080000000,0x0000000086d096f8,0x000000008cc80000)
 Metaspace       used 111940K, capacity 119678K, committed 119848K, reserved 1153024K
  class space    used 14882K, capacity 16317K, committed 16432K, reserved 1048576K
Event: 916.359 GC heap after
Heap after GC invocations=26 (full 4):
 PSYoungGen      total 397824K, used 46756K [0x00000000d5580000, 0x00000000f2380000, 0x0000000100000000)
  eden space 328704K, 0% used [0x00000000d5580000,0x00000000d5580000,0x00000000e9680000)
  from space 69120K, 67% used [0x00000000edf00000,0x00000000f0ca9288,0x00000000f2280000)
  to   space 72192K, 0% used [0x00000000e9680000,0x00000000e9680000,0x00000000edd00000)
 ParOldGen       total 209408K, used 111661K [0x0000000080000000, 0x000000008cc80000, 0x00000000d5580000)
  object space 209408K, 53% used [0x0000000080000000,0x0000000086d0b6f8,0x000000008cc80000)
 Metaspace       used 111940K, capacity 119678K, committed 119848K, reserved 1153024K
  class space    used 14882K, capacity 16317K, committed 16432K, reserved 1048576K
}
Event: 918.938 GC heap before
{Heap before GC invocations=27 (full 4):
 PSYoungGen      total 397824K, used 375459K [0x00000000d5580000, 0x00000000f2380000, 0x0000000100000000)
  eden space 328704K, 99% used [0x00000000d5580000,0x00000000e967fa68,0x00000000e9680000)
  from space 69120K, 67% used [0x00000000edf00000,0x00000000f0ca9288,0x00000000f2280000)
  to   space 72192K, 0% used [0x00000000e9680000,0x00000000e9680000,0x00000000edd00000)
 ParOldGen       total 209408K, used 111661K [0x0000000080000000, 0x000000008cc80000, 0x00000000d5580000)
  object space 209408K, 53% used [0x0000000080000000,0x0000000086d0b6f8,0x000000008cc80000)
 Metaspace       used 130199K, capacity 138620K, committed 138792K, reserved 1169408K
  class space    used 17385K, capacity 18980K, committed 18992K, reserved 1048576K
Event: 918.994 GC heap after
Heap after GC invocations=27 (full 4):
 PSYoungGen      total 400896K, used 72189K [0x00000000d5580000, 0x00000000f2380000, 0x0000000100000000)
  eden space 328704K, 0% used [0x00000000d5580000,0x00000000d5580000,0x00000000e9680000)
  from space 72192K, 99% used [0x00000000e9680000,0x00000000edcff670,0x00000000edd00000)
  to   space 69120K, 0% used [0x00000000edf00000,0x00000000edf00000,0x00000000f2280000)
 ParOldGen       total 209408K, used 116730K [0x0000000080000000, 0x000000008cc80000, 0x00000000d5580000)
  object space 209408K, 55% used [0x0000000080000000,0x00000000871fe9d8,0x000000008cc80000)
 Metaspace       used 130199K, capacity 138620K, committed 138792K, reserved 1169408K
  class space    used 17385K, capacity 18980K, committed 18992K, reserved 1048576K
}
Event: 921.707 GC heap before
{Heap before GC invocations=28 (full 4):
 PSYoungGen      total 400896K, used 400893K [0x00000000d5580000, 0x00000000f2380000, 0x0000000100000000)
  eden space 328704K, 100% used [0x00000000d5580000,0x00000000e9680000,0x00000000e9680000)
  from space 72192K, 99% used [0x00000000e9680000,0x00000000edcff670,0x00000000edd00000)
  to   space 69120K, 0% used [0x00000000edf00000,0x00000000edf00000,0x00000000f2280000)
 ParOldGen       total 209408K, used 116730K [0x0000000080000000, 0x000000008cc80000, 0x00000000d5580000)
  object space 209408K, 55% used [0x0000000080000000,0x00000000871fe9d8,0x000000008cc80000)
 Metaspace       used 132760K, capacity 141308K, committed 141480K, reserved 1171456K
  class space    used 17668K, capacity 19260K, committed 19376K, reserved 1048576K
Event: 921.766 GC heap after
Heap after GC invocations=28 (full 4):
 PSYoungGen      total 397824K, used 67045K [0x00000000d5580000, 0x00000000f2380000, 0x0000000100000000)
  eden space 328704K, 0% used [0x00000000d5580000,0x00000000d5580000,0x00000000e9680000)
  from space 69120K, 96% used [0x00000000edf00000,0x00000000f2079400,0x00000000f2280000)
  to   space 72192K, 0% used [0x00000000e9680000,0x00000000e9680000,0x00000000edd00000)
 ParOldGen       total 209408K, used 125620K [0x0000000080000000, 0x000000008cc80000, 0x00000000d5580000)
  object space 209408K, 59% used [0x0000000080000000,0x0000000087aad068,0x000000008cc80000)
 Metaspace       used 132760K, capacity 141308K, committed 141480K, reserved 1171456K
  class space    used 17668K, capacity 19260K, committed 19376K, reserved 1048576K
}

