# JRE version: OpenJDK Runtime Environment (8.0_242-b01) (build 1.8.0_242-release-1644-b01)
# Java VM: OpenJDK 64-Bit Server VM (25.242-b01 mixed mode windows-amd64 compressed oops)
Heap:
 PSYoungGen      total 136192K, used 61798K [0x00000000d6600000, 0x00000000e1200000, 0x0000000100000000)
  eden space 131072K, 47% used [0x00000000d6600000,0x00000000da259850,0x00000000de600000)
  from space 5120K, 0% used [0x00000000de600000,0x00000000de600000,0x00000000deb00000)
  to   space 21504K, 0% used [0x00000000dfd00000,0x00000000dfd00000,0x00000000e1200000)
 ParOldGen       total 134656K, used 32502K [0x0000000083200000, 0x000000008b580000, 0x00000000d6600000)
  object space 134656K, 24% used [0x0000000083200000,0x00000000851bd848,0x000000008b580000)
 Metaspace       used 40154K, capacity 40854K, committed 41344K, reserved 1085440K
  class space    used 4987K, capacity 5150K, committed 5248K, reserved 1048576K
GC Heap History (10 events):
Event: 0.950 GC heap before
{Heap before GC invocations=3 (full 0):
 PSYoungGen      total 70656K, used 37204K [0x00000000d6600000, 0x00000000db000000, 0x0000000100000000)
  eden space 65536K, 49% used [0x00000000d6600000,0x00000000d855d0d8,0x00000000da600000)
  from space 5120K, 99% used [0x00000000dab00000,0x00000000daff8020,0x00000000db000000)
  to   space 5120K, 0% used [0x00000000da600000,0x00000000da600000,0x00000000dab00000)
 ParOldGen       total 86016K, used 7603K [0x0000000083200000, 0x0000000088600000, 0x00000000d6600000)
  object space 86016K, 8% used [0x0000000083200000,0x000000008396cd10,0x0000000088600000)
 Metaspace       used 20728K, capacity 21142K, committed 21248K, reserved 1069056K
  class space    used 2362K, capacity 2491K, committed 2560K, reserved 1048576K
Event: 0.961 GC heap after
Heap after GC invocations=3 (full 0):
 PSYoungGen      total 70656K, used 5088K [0x00000000d6600000, 0x00000000df000000, 0x0000000100000000)
  eden space 65536K, 0% used [0x00000000d6600000,0x00000000d6600000,0x00000000da600000)
  from space 5120K, 99% used [0x00000000da600000,0x00000000daaf83e8,0x00000000dab00000)
  to   space 5120K, 0% used [0x00000000deb00000,0x00000000deb00000,0x00000000df000000)
 ParOldGen       total 86016K, used 24563K [0x0000000083200000, 0x0000000088600000, 0x00000000d6600000)
  object space 86016K, 28% used [0x0000000083200000,0x00000000849fcc40,0x0000000088600000)
 Metaspace       used 20728K, capacity 21142K, committed 21248K, reserved 1069056K
  class space    used 2362K, capacity 2491K, committed 2560K, reserved 1048576K
}
Event: 0.961 GC heap before
{Heap before GC invocations=4 (full 1):
 PSYoungGen      total 70656K, used 5088K [0x00000000d6600000, 0x00000000df000000, 0x0000000100000000)
  eden space 65536K, 0% used [0x00000000d6600000,0x00000000d6600000,0x00000000da600000)
  from space 5120K, 99% used [0x00000000da600000,0x00000000daaf83e8,0x00000000dab00000)
  to   space 5120K, 0% used [0x00000000deb00000,0x00000000deb00000,0x00000000df000000)
 ParOldGen       total 86016K, used 24563K [0x0000000083200000, 0x0000000088600000, 0x00000000d6600000)
  object space 86016K, 28% used [0x0000000083200000,0x00000000849fcc40,0x0000000088600000)
 Metaspace       used 20728K, capacity 21142K, committed 21248K, reserved 1069056K
  class space    used 2362K, capacity 2491K, committed 2560K, reserved 1048576K
Event: 0.995 GC heap after
Heap after GC invocations=4 (full 1):
 PSYoungGen      total 70656K, used 0K [0x00000000d6600000, 0x00000000df000000, 0x0000000100000000)
  eden space 65536K, 0% used [0x00000000d6600000,0x00000000d6600000,0x00000000da600000)
  from space 5120K, 0% used [0x00000000da600000,0x00000000da600000,0x00000000dab00000)
  to   space 5120K, 0% used [0x00000000deb00000,0x00000000deb00000,0x00000000df000000)
 ParOldGen       total 91648K, used 21864K [0x0000000083200000, 0x0000000088b80000, 0x00000000d6600000)
  object space 91648K, 23% used [0x0000000083200000,0x000000008475a268,0x0000000088b80000)
 Metaspace       used 20728K, capacity 21142K, committed 21248K, reserved 1069056K
  class space    used 2362K, capacity 2491K, committed 2560K, reserved 1048576K
}
Event: 1.602 GC heap before
{Heap before GC invocations=5 (full 1):
 PSYoungGen      total 70656K, used 65536K [0x00000000d6600000, 0x00000000df000000, 0x0000000100000000)
  eden space 65536K, 100% used [0x00000000d6600000,0x00000000da600000,0x00000000da600000)
  from space 5120K, 0% used [0x00000000da600000,0x00000000da600000,0x00000000dab00000)
  to   space 5120K, 0% used [0x00000000deb00000,0x00000000deb00000,0x00000000df000000)
 ParOldGen       total 91648K, used 21864K [0x0000000083200000, 0x0000000088b80000, 0x00000000d6600000)
  object space 91648K, 23% used [0x0000000083200000,0x000000008475a268,0x0000000088b80000)
 Metaspace       used 30252K, capacity 30782K, committed 30976K, reserved 1077248K
  class space    used 3804K, capacity 3991K, committed 4096K, reserved 1048576K
Event: 1.612 GC heap after
Heap after GC invocations=5 (full 1):
 PSYoungGen      total 98304K, used 5091K [0x00000000d6600000, 0x00000000df000000, 0x0000000100000000)
  eden space 93184K, 0% used [0x00000000d6600000,0x00000000d6600000,0x00000000dc100000)
  from space 5120K, 99% used [0x00000000deb00000,0x00000000deff8c70,0x00000000df000000)
  to   space 5120K, 0% used [0x00000000de600000,0x00000000de600000,0x00000000deb00000)
 ParOldGen       total 91648K, used 32076K [0x0000000083200000, 0x0000000088b80000, 0x00000000d6600000)
  object space 91648K, 35% used [0x0000000083200000,0x00000000851533a8,0x0000000088b80000)
 Metaspace       used 30252K, capacity 30782K, committed 30976K, reserved 1077248K
  class space    used 3804K, capacity 3991K, committed 4096K, reserved 1048576K
}
Event: 1.849 GC heap before
{Heap before GC invocations=6 (full 1):
 PSYoungGen      total 98304K, used 35124K [0x00000000d6600000, 0x00000000df000000, 0x0000000100000000)
  eden space 93184K, 32% used [0x00000000d6600000,0x00000000d83546f0,0x00000000dc100000)
  from space 5120K, 99% used [0x00000000deb00000,0x00000000deff8c70,0x00000000df000000)
  to   space 5120K, 0% used [0x00000000de600000,0x00000000de600000,0x00000000deb00000)
 ParOldGen       total 91648K, used 32076K [0x0000000083200000, 0x0000000088b80000, 0x00000000d6600000)
  object space 91648K, 35% used [0x0000000083200000,0x00000000851533a8,0x0000000088b80000)
 Metaspace       used 34680K, capacity 35190K, committed 35416K, reserved 1081344K
  class space    used 4358K, capacity 4539K, committed 4608K, reserved 1048576K
Event: 1.856 GC heap after
Heap after GC invocations=6 (full 1):
 PSYoungGen      total 136192K, used 5106K [0x00000000d6600000, 0x00000000e1200000, 0x0000000100000000)
  eden space 131072K, 0% used [0x00000000d6600000,0x00000000d6600000,0x00000000de600000)
  from space 5120K, 99% used [0x00000000de600000,0x00000000deafcbf0,0x00000000deb00000)
  to   space 21504K, 0% used [0x00000000dfd00000,0x00000000dfd00000,0x00000000e1200000)
 ParOldGen       total 91648K, used 39118K [0x0000000083200000, 0x0000000088b80000, 0x00000000d6600000)
  object space 91648K, 42% used [0x0000000083200000,0x0000000085833898,0x0000000088b80000)
 Metaspace       used 34680K, capacity 35190K, committed 35416K, reserved 1081344K
  class space    used 4358K, capacity 4539K, committed 4608K, reserved 1048576K
}
Event: 1.856 GC heap before
{Heap before GC invocations=7 (full 2):
 PSYoungGen      total 136192K, used 5106K [0x00000000d6600000, 0x00000000e1200000, 0x0000000100000000)
  eden space 131072K, 0% used [0x00000000d6600000,0x00000000d6600000,0x00000000de600000)
  from space 5120K, 99% used [0x00000000de600000,0x00000000deafcbf0,0x00000000deb00000)
  to   space 21504K, 0% used [0x00000000dfd00000,0x00000000dfd00000,0x00000000e1200000)
 ParOldGen       total 91648K, used 39118K [0x0000000083200000, 0x0000000088b80000, 0x00000000d6600000)
  object space 91648K, 42% used [0x0000000083200000,0x0000000085833898,0x0000000088b80000)
 Metaspace       used 34680K, capacity 35190K, committed 35416K, reserved 1081344K
  class space    used 4358K, capacity 4539K, committed 4608K, reserved 1048576K
Event: 1.920 GC heap after
Heap after GC invocations=7 (full 2):
 PSYoungGen      total 136192K, used 0K [0x00000000d6600000, 0x00000000e1200000, 0x0000000100000000)
  eden space 131072K, 0% used [0x00000000d6600000,0x00000000d6600000,0x00000000de600000)
  from space 5120K, 0% used [0x00000000de600000,0x00000000de600000,0x00000000deb00000)
  to   space 21504K, 0% used [0x00000000dfd00000,0x00000000dfd00000,0x00000000e1200000)
 ParOldGen       total 134656K, used 32502K [0x0000000083200000, 0x000000008b580000, 0x00000000d6600000)
  object space 134656K, 24% used [0x0000000083200000,0x00000000851bd848,0x000000008b580000)
 Metaspace       used 34680K, capacity 35190K, committed 35416K, reserved 1081344K
  class space    used 4358K, capacity 4539K, committed 4608K, reserved 1048576K
}

