# JRE version: OpenJDK Runtime Environment (8.0_242-b01) (build 1.8.0_242-release-1644-b01)
# Java VM: OpenJDK 64-Bit Server VM (25.242-b01 mixed mode windows-amd64 compressed oops)
Heap:
 PSYoungGen      total 98304K, used 10266K [0x00000000d6600000, 0x00000000df000000, 0x0000000100000000)
  eden space 93184K, 11% used [0x00000000d6600000,0x00000000d7006b68,0x00000000dc100000)
  from space 5120K, 0% used [0x00000000deb00000,0x00000000deb00000,0x00000000df000000)
  to   space 5120K, 0% used [0x00000000de600000,0x00000000de600000,0x00000000deb00000)
 ParOldGen       total 91648K, used 40198K [0x0000000083200000, 0x0000000088b80000, 0x00000000d6600000)
  object space 91648K, 43% used [0x0000000083200000,0x0000000085941af0,0x0000000088b80000)
 Metaspace       used 41561K, capacity 42252K, committed 42880K, reserved 1093632K
  class space    used 5182K, capacity 5358K, committed 5504K, reserved 1048576K
GC Heap History (10 events):
Event: 1.555 GC heap before
{Heap before GC invocations=5 (full 1):
 PSYoungGen      total 70656K, used 65536K [0x00000000d6600000, 0x00000000df000000, 0x0000000100000000)
  eden space 65536K, 100% used [0x00000000d6600000,0x00000000da600000,0x00000000da600000)
  from space 5120K, 0% used [0x00000000da600000,0x00000000da600000,0x00000000dab00000)
  to   space 5120K, 0% used [0x00000000deb00000,0x00000000deb00000,0x00000000df000000)
 ParOldGen       total 91648K, used 21876K [0x0000000083200000, 0x0000000088b80000, 0x00000000d6600000)
  object space 91648K, 23% used [0x0000000083200000,0x000000008475d258,0x0000000088b80000)
 Metaspace       used 30413K, capacity 30974K, committed 31232K, reserved 1077248K
  class space    used 3823K, capacity 3991K, committed 4096K, reserved 1048576K
Event: 1.565 GC heap after
Heap after GC invocations=5 (full 1):
 PSYoungGen      total 98304K, used 5091K [0x00000000d6600000, 0x00000000df000000, 0x0000000100000000)
  eden space 93184K, 0% used [0x00000000d6600000,0x00000000d6600000,0x00000000dc100000)
  from space 5120K, 99% used [0x00000000deb00000,0x00000000deff8c70,0x00000000df000000)
  to   space 5120K, 0% used [0x00000000de600000,0x00000000de600000,0x00000000deb00000)
 ParOldGen       total 91648K, used 32568K [0x0000000083200000, 0x0000000088b80000, 0x00000000d6600000)
  object space 91648K, 35% used [0x0000000083200000,0x00000000851ce028,0x0000000088b80000)
 Metaspace       used 30413K, capacity 30974K, committed 31232K, reserved 1077248K
  class space    used 3823K, capacity 3991K, committed 4096K, reserved 1048576K
}
Event: 1.780 GC heap before
{Heap before GC invocations=6 (full 1):
 PSYoungGen      total 98304K, used 33257K [0x00000000d6600000, 0x00000000df000000, 0x0000000100000000)
  eden space 93184K, 30% used [0x00000000d6600000,0x00000000d81817e8,0x00000000dc100000)
  from space 5120K, 99% used [0x00000000deb00000,0x00000000deff8c70,0x00000000df000000)
  to   space 5120K, 0% used [0x00000000de600000,0x00000000de600000,0x00000000deb00000)
 ParOldGen       total 91648K, used 32568K [0x0000000083200000, 0x0000000088b80000, 0x00000000d6600000)
  object space 91648K, 35% used [0x0000000083200000,0x00000000851ce028,0x0000000088b80000)
 Metaspace       used 34750K, capacity 35254K, committed 35496K, reserved 1081344K
  class space    used 4376K, capacity 4539K, committed 4608K, reserved 1048576K
Event: 1.787 GC heap after
Heap after GC invocations=6 (full 1):
 PSYoungGen      total 98304K, used 5091K [0x00000000d6600000, 0x00000000df000000, 0x0000000100000000)
  eden space 93184K, 0% used [0x00000000d6600000,0x00000000d6600000,0x00000000dc100000)
  from space 5120K, 99% used [0x00000000de600000,0x00000000deaf8c70,0x00000000deb00000)
  to   space 5120K, 0% used [0x00000000deb00000,0x00000000deb00000,0x00000000df000000)
 ParOldGen       total 91648K, used 39269K [0x0000000083200000, 0x0000000088b80000, 0x00000000d6600000)
  object space 91648K, 42% used [0x0000000083200000,0x0000000085859508,0x0000000088b80000)
 Metaspace       used 34750K, capacity 35254K, committed 35496K, reserved 1081344K
  class space    used 4376K, capacity 4539K, committed 4608K, reserved 1048576K
}
Event: 1.787 GC heap before
{Heap before GC invocations=7 (full 2):
 PSYoungGen      total 98304K, used 5091K [0x00000000d6600000, 0x00000000df000000, 0x0000000100000000)
  eden space 93184K, 0% used [0x00000000d6600000,0x00000000d6600000,0x00000000dc100000)
  from space 5120K, 99% used [0x00000000de600000,0x00000000deaf8c70,0x00000000deb00000)
  to   space 5120K, 0% used [0x00000000deb00000,0x00000000deb00000,0x00000000df000000)
 ParOldGen       total 91648K, used 39269K [0x0000000083200000, 0x0000000088b80000, 0x00000000d6600000)
  object space 91648K, 42% used [0x0000000083200000,0x0000000085859508,0x0000000088b80000)
 Metaspace       used 34750K, capacity 35254K, committed 35496K, reserved 1081344K
  class space    used 4376K, capacity 4539K, committed 4608K, reserved 1048576K
Event: 1.820 GC heap after
Heap after GC invocations=7 (full 2):
 PSYoungGen      total 98304K, used 0K [0x00000000d6600000, 0x00000000df000000, 0x0000000100000000)
  eden space 93184K, 0% used [0x00000000d6600000,0x00000000d6600000,0x00000000dc100000)
  from space 5120K, 0% used [0x00000000de600000,0x00000000de600000,0x00000000deb00000)
  to   space 5120K, 0% used [0x00000000deb00000,0x00000000deb00000,0x00000000df000000)
 ParOldGen       total 91648K, used 32306K [0x0000000083200000, 0x0000000088b80000, 0x00000000d6600000)
  object space 91648K, 35% used [0x0000000083200000,0x000000008518c938,0x0000000088b80000)
 Metaspace       used 34750K, capacity 35254K, committed 35496K, reserved 1081344K
  class space    used 4376K, capacity 4539K, committed 4608K, reserved 1048576K
}
Event: 2.289 GC heap before
{Heap before GC invocations=8 (full 2):
 PSYoungGen      total 98304K, used 68399K [0x00000000d6600000, 0x00000000df000000, 0x0000000100000000)
  eden space 93184K, 73% used [0x00000000d6600000,0x00000000da8cbcd8,0x00000000dc100000)
  from space 5120K, 0% used [0x00000000de600000,0x00000000de600000,0x00000000deb00000)
  to   space 5120K, 0% used [0x00000000deb00000,0x00000000deb00000,0x00000000df000000)
 ParOldGen       total 91648K, used 32306K [0x0000000083200000, 0x0000000088b80000, 0x00000000d6600000)
  object space 91648K, 35% used [0x0000000083200000,0x000000008518c938,0x0000000088b80000)
 Metaspace       used 40698K, capacity 41362K, committed 41728K, reserved 1095680K
  class space    used 5084K, capacity 5257K, committed 5376K, reserved 1048576K
Event: 2.294 GC heap after
Heap after GC invocations=8 (full 2):
 PSYoungGen      total 98304K, used 5093K [0x00000000d6600000, 0x00000000df000000, 0x0000000100000000)
  eden space 93184K, 0% used [0x00000000d6600000,0x00000000d6600000,0x00000000dc100000)
  from space 5120K, 99% used [0x00000000deb00000,0x00000000deff9428,0x00000000df000000)
  to   space 5120K, 0% used [0x00000000de600000,0x00000000de600000,0x00000000deb00000)
 ParOldGen       total 91648K, used 40144K [0x0000000083200000, 0x0000000088b80000, 0x00000000d6600000)
  object space 91648K, 43% used [0x0000000083200000,0x0000000085934128,0x0000000088b80000)
 Metaspace       used 40698K, capacity 41362K, committed 41728K, reserved 1095680K
  class space    used 5084K, capacity 5257K, committed 5376K, reserved 1048576K
}
Event: 2.294 GC heap before
{Heap before GC invocations=9 (full 3):
 PSYoungGen      total 98304K, used 5093K [0x00000000d6600000, 0x00000000df000000, 0x0000000100000000)
  eden space 93184K, 0% used [0x00000000d6600000,0x00000000d6600000,0x00000000dc100000)
  from space 5120K, 99% used [0x00000000deb00000,0x00000000deff9428,0x00000000df000000)
  to   space 5120K, 0% used [0x00000000de600000,0x00000000de600000,0x00000000deb00000)
 ParOldGen       total 91648K, used 40144K [0x0000000083200000, 0x0000000088b80000, 0x00000000d6600000)
  object space 91648K, 43% used [0x0000000083200000,0x0000000085934128,0x0000000088b80000)
 Metaspace       used 40698K, capacity 41362K, committed 41728K, reserved 1095680K
  class space    used 5084K, capacity 5257K, committed 5376K, reserved 1048576K
Event: 2.410 GC heap after
Heap after GC invocations=9 (full 3):
 PSYoungGen      total 98304K, used 0K [0x00000000d6600000, 0x00000000df000000, 0x0000000100000000)
  eden space 93184K, 0% used [0x00000000d6600000,0x00000000d6600000,0x00000000dc100000)
  from space 5120K, 0% used [0x00000000deb00000,0x00000000deb00000,0x00000000df000000)
  to   space 5120K, 0% used [0x00000000de600000,0x00000000de600000,0x00000000deb00000)
 ParOldGen       total 91648K, used 40198K [0x0000000083200000, 0x0000000088b80000, 0x00000000d6600000)
  object space 91648K, 43% used [0x0000000083200000,0x0000000085941af0,0x0000000088b80000)
 Metaspace       used 40698K, capacity 41362K, committed 41728K, reserved 1093632K
  class space    used 5084K, capacity 5257K, committed 5376K, reserved 1048576K
}

