# JRE version: OpenJDK Runtime Environment (8.0_242-b01) (build 1.8.0_242-release-1644-b01)
# Java VM: OpenJDK 64-Bit Server VM (25.242-b01 mixed mode windows-amd64 compressed oops)
Heap:
 PSYoungGen      total 168960K, used 153048K [0x00000000d5580000, 0x00000000e0b00000, 0x0000000100000000)
  eden space 158208K, 90% used [0x00000000d5580000,0x00000000de0c6188,0x00000000df000000)
  from space 10752K, 97% used [0x00000000e0080000,0x00000000e0ab0058,0x00000000e0b00000)
  to   space 13824K, 92% used [0x00000000df000000,0x00000000dfc8b310,0x00000000dfd80000)
 ParOldGen       total 84992K, used 18014K [0x0000000080000000, 0x0000000085300000, 0x00000000d5580000)
  object space 84992K, 21% used [0x0000000080000000,0x0000000081197a38,0x0000000085300000)
 Metaspace       used 52463K, capacity 54466K, committed 54568K, reserved 1101824K
  class space    used 6978K, capacity 7407K, committed 7472K, reserved 1048576K
GC Heap History (10 events):
Event: 2.050 GC heap before
{Heap before GC invocations=8 (full 1):
 PSYoungGen      total 75776K, used 4096K [0x00000000d5580000, 0x00000000de980000, 0x0000000100000000)
  eden space 65024K, 0% used [0x00000000d5580000,0x00000000d5580000,0x00000000d9500000)
  from space 10752K, 38% used [0x00000000d9500000,0x00000000d9900030,0x00000000d9f80000)
  to   space 10752K, 0% used [0x00000000ddf00000,0x00000000ddf00000,0x00000000de980000)
 ParOldGen       total 86016K, used 8776K [0x0000000080000000, 0x0000000085400000, 0x00000000d5580000)
  object space 86016K, 10% used [0x0000000080000000,0x0000000080892220,0x0000000085400000)
 Metaspace       used 20574K, capacity 21208K, committed 21296K, reserved 1067008K
  class space    used 2878K, capacity 3076K, committed 3120K, reserved 1048576K
Event: 2.073 GC heap after
Heap after GC invocations=8 (full 1):
 PSYoungGen      total 75776K, used 0K [0x00000000d5580000, 0x00000000de980000, 0x0000000100000000)
  eden space 65024K, 0% used [0x00000000d5580000,0x00000000d5580000,0x00000000d9500000)
  from space 10752K, 0% used [0x00000000d9500000,0x00000000d9500000,0x00000000d9f80000)
  to   space 10752K, 0% used [0x00000000ddf00000,0x00000000ddf00000,0x00000000de980000)
 ParOldGen       total 52224K, used 7890K [0x0000000080000000, 0x0000000083300000, 0x00000000d5580000)
  object space 52224K, 15% used [0x0000000080000000,0x00000000807b4a20,0x0000000083300000)
 Metaspace       used 20574K, capacity 21208K, committed 21296K, reserved 1067008K
  class space    used 2878K, capacity 3076K, committed 3120K, reserved 1048576K
}
Event: 2.599 GC heap before
{Heap before GC invocations=9 (full 1):
 PSYoungGen      total 75776K, used 65024K [0x00000000d5580000, 0x00000000de980000, 0x0000000100000000)
  eden space 65024K, 100% used [0x00000000d5580000,0x00000000d9500000,0x00000000d9500000)
  from space 10752K, 0% used [0x00000000d9500000,0x00000000d9500000,0x00000000d9f80000)
  to   space 10752K, 0% used [0x00000000ddf00000,0x00000000ddf00000,0x00000000de980000)
 ParOldGen       total 52224K, used 7890K [0x0000000080000000, 0x0000000083300000, 0x00000000d5580000)
  object space 52224K, 15% used [0x0000000080000000,0x00000000807b4a20,0x0000000083300000)
 Metaspace       used 28765K, capacity 29610K, committed 29872K, reserved 1075200K
  class space    used 3994K, capacity 4225K, committed 4272K, reserved 1048576K
Event: 2.605 GC heap after
Heap after GC invocations=9 (full 1):
 PSYoungGen      total 121856K, used 8657K [0x00000000d5580000, 0x00000000de780000, 0x0000000100000000)
  eden space 113152K, 0% used [0x00000000d5580000,0x00000000d5580000,0x00000000dc400000)
  from space 8704K, 99% used [0x00000000ddf00000,0x00000000de774798,0x00000000de780000)
  to   space 11264K, 0% used [0x00000000dd180000,0x00000000dd180000,0x00000000ddc80000)
 ParOldGen       total 52224K, used 7898K [0x0000000080000000, 0x0000000083300000, 0x00000000d5580000)
  object space 52224K, 15% used [0x0000000080000000,0x00000000807b6a20,0x0000000083300000)
 Metaspace       used 28765K, capacity 29610K, committed 29872K, reserved 1075200K
  class space    used 3994K, capacity 4225K, committed 4272K, reserved 1048576K
}
Event: 3.204 GC heap before
{Heap before GC invocations=10 (full 1):
 PSYoungGen      total 121856K, used 106943K [0x00000000d5580000, 0x00000000de780000, 0x0000000100000000)
  eden space 113152K, 86% used [0x00000000d5580000,0x00000000db57b4c0,0x00000000dc400000)
  from space 8704K, 99% used [0x00000000ddf00000,0x00000000de774798,0x00000000de780000)
  to   space 11264K, 0% used [0x00000000dd180000,0x00000000dd180000,0x00000000ddc80000)
 ParOldGen       total 52224K, used 7898K [0x0000000080000000, 0x0000000083300000, 0x00000000d5580000)
  object space 52224K, 15% used [0x0000000080000000,0x00000000807b6a20,0x0000000083300000)
 Metaspace       used 34292K, capacity 35398K, committed 35496K, reserved 1079296K
  class space    used 4728K, capacity 5002K, committed 5040K, reserved 1048576K
Event: 3.213 GC heap after
Heap after GC invocations=10 (full 1):
 PSYoungGen      total 138240K, used 11239K [0x00000000d5580000, 0x00000000e0d80000, 0x0000000100000000)
  eden space 126976K, 0% used [0x00000000d5580000,0x00000000d5580000,0x00000000dd180000)
  from space 11264K, 99% used [0x00000000dd180000,0x00000000ddc79e00,0x00000000ddc80000)
  to   space 13312K, 0% used [0x00000000e0080000,0x00000000e0080000,0x00000000e0d80000)
 ParOldGen       total 52224K, used 8530K [0x0000000080000000, 0x0000000083300000, 0x00000000d5580000)
  object space 52224K, 16% used [0x0000000080000000,0x0000000080854840,0x0000000083300000)
 Metaspace       used 34292K, capacity 35398K, committed 35496K, reserved 1079296K
  class space    used 4728K, capacity 5002K, committed 5040K, reserved 1048576K
}
Event: 3.213 GC heap before
{Heap before GC invocations=11 (full 2):
 PSYoungGen      total 138240K, used 11239K [0x00000000d5580000, 0x00000000e0d80000, 0x0000000100000000)
  eden space 126976K, 0% used [0x00000000d5580000,0x00000000d5580000,0x00000000dd180000)
  from space 11264K, 99% used [0x00000000dd180000,0x00000000ddc79e00,0x00000000ddc80000)
  to   space 13312K, 0% used [0x00000000e0080000,0x00000000e0080000,0x00000000e0d80000)
 ParOldGen       total 52224K, used 8530K [0x0000000080000000, 0x0000000083300000, 0x00000000d5580000)
  object space 52224K, 16% used [0x0000000080000000,0x0000000080854840,0x0000000083300000)
 Metaspace       used 34292K, capacity 35398K, committed 35496K, reserved 1079296K
  class space    used 4728K, capacity 5002K, committed 5040K, reserved 1048576K
Event: 3.276 GC heap after
Heap after GC invocations=11 (full 2):
 PSYoungGen      total 138240K, used 0K [0x00000000d5580000, 0x00000000e0d80000, 0x0000000100000000)
  eden space 126976K, 0% used [0x00000000d5580000,0x00000000d5580000,0x00000000dd180000)
  from space 11264K, 0% used [0x00000000dd180000,0x00000000dd180000,0x00000000ddc80000)
  to   space 13312K, 0% used [0x00000000e0080000,0x00000000e0080000,0x00000000e0d80000)
 ParOldGen       total 84992K, used 17934K [0x0000000080000000, 0x0000000085300000, 0x00000000d5580000)
  object space 84992K, 21% used [0x0000000080000000,0x0000000081183a28,0x0000000085300000)
 Metaspace       used 34292K, capacity 35398K, committed 35496K, reserved 1079296K
  class space    used 4728K, capacity 5002K, committed 5040K, reserved 1048576K
}
Event: 4.422 GC heap before
{Heap before GC invocations=12 (full 2):
 PSYoungGen      total 138240K, used 126976K [0x00000000d5580000, 0x00000000e0d80000, 0x0000000100000000)
  eden space 126976K, 100% used [0x00000000d5580000,0x00000000dd180000,0x00000000dd180000)
  from space 11264K, 0% used [0x00000000dd180000,0x00000000dd180000,0x00000000ddc80000)
  to   space 13312K, 0% used [0x00000000e0080000,0x00000000e0080000,0x00000000e0d80000)
 ParOldGen       total 84992K, used 17934K [0x0000000080000000, 0x0000000085300000, 0x00000000d5580000)
  object space 84992K, 21% used [0x0000000080000000,0x0000000081183a28,0x0000000085300000)
 Metaspace       used 38325K, capacity 40084K, committed 40232K, reserved 1083392K
  class space    used 5291K, capacity 5638K, committed 5680K, reserved 1048576K
Event: 4.432 GC heap after
Heap after GC invocations=12 (full 2):
 PSYoungGen      total 168960K, used 10432K [0x00000000d5580000, 0x00000000e0b00000, 0x0000000100000000)
  eden space 158208K, 0% used [0x00000000d5580000,0x00000000d5580000,0x00000000df000000)
  from space 10752K, 97% used [0x00000000e0080000,0x00000000e0ab0058,0x00000000e0b00000)
  to   space 13824K, 0% used [0x00000000df000000,0x00000000df000000,0x00000000dfd80000)
 ParOldGen       total 84992K, used 17942K [0x0000000080000000, 0x0000000085300000, 0x00000000d5580000)
  object space 84992K, 21% used [0x0000000080000000,0x0000000081185a28,0x0000000085300000)
 Metaspace       used 38325K, capacity 40084K, committed 40232K, reserved 1083392K
  class space    used 5291K, capacity 5638K, committed 5680K, reserved 1048576K
}

