# JRE version: OpenJDK Runtime Environment (8.0_242-b01) (build 1.8.0_242-release-1644-b01)
# Java VM: OpenJDK 64-Bit Server VM (25.242-b01 mixed mode windows-amd64 compressed oops)
Heap:
 PSYoungGen      total 229888K, used 66449K [0x00000000d5580000, 0x00000000e7f80000, 0x0000000100000000)
  eden space 210432K, 22% used [0x00000000d5580000,0x00000000d8364cf8,0x00000000e2300000)
  from space 19456K, 99% used [0x00000000e2300000,0x00000000e35ffaa0,0x00000000e3600000)
  to   space 23040K, 0% used [0x00000000e6900000,0x00000000e6900000,0x00000000e7f80000)
 ParOldGen       total 78848K, used 36184K [0x0000000080000000, 0x0000000084d00000, 0x00000000d5580000)
  object space 78848K, 45% used [0x0000000080000000,0x00000000823562c8,0x0000000084d00000)
 Metaspace       used 66683K, capacity 70042K, committed 70296K, reserved 1110016K
  class space    used 9172K, capacity 9858K, committed 9888K, reserved 1048576K
GC Heap History (10 events):
Event: 6.310 GC heap before
{Heap before GC invocations=12 (full 2):
 PSYoungGen      total 137216K, used 125952K [0x00000000d5580000, 0x00000000e1400000, 0x0000000100000000)
  eden space 125952K, 100% used [0x00000000d5580000,0x00000000dd080000,0x00000000dd080000)
  from space 11264K, 0% used [0x00000000dd080000,0x00000000dd080000,0x00000000ddb80000)
  to   space 13312K, 0% used [0x00000000e0700000,0x00000000e0700000,0x00000000e1400000)
 ParOldGen       total 78848K, used 18070K [0x0000000080000000, 0x0000000084d00000, 0x00000000d5580000)
  object space 78848K, 22% used [0x0000000080000000,0x00000000811a5840,0x0000000084d00000)
 Metaspace       used 38296K, capacity 40022K, committed 40232K, reserved 1083392K
  class space    used 5276K, capacity 5637K, committed 5680K, reserved 1048576K
Event: 6.319 GC heap after
Heap after GC invocations=12 (full 2):
 PSYoungGen      total 174080K, used 10231K [0x00000000d5580000, 0x00000000e1100000, 0x0000000100000000)
  eden space 163840K, 0% used [0x00000000d5580000,0x00000000d5580000,0x00000000df580000)
  from space 10240K, 99% used [0x00000000e0700000,0x00000000e10fde08,0x00000000e1100000)
  to   space 13824K, 0% used [0x00000000df600000,0x00000000df600000,0x00000000e0380000)
 ParOldGen       total 78848K, used 18078K [0x0000000080000000, 0x0000000084d00000, 0x00000000d5580000)
  object space 78848K, 22% used [0x0000000080000000,0x00000000811a7840,0x0000000084d00000)
 Metaspace       used 38296K, capacity 40022K, committed 40232K, reserved 1083392K
  class space    used 5276K, capacity 5637K, committed 5680K, reserved 1048576K
}
Event: 8.315 GC heap before
{Heap before GC invocations=13 (full 2):
 PSYoungGen      total 174080K, used 174071K [0x00000000d5580000, 0x00000000e1100000, 0x0000000100000000)
  eden space 163840K, 100% used [0x00000000d5580000,0x00000000df580000,0x00000000df580000)
  from space 10240K, 99% used [0x00000000e0700000,0x00000000e10fde08,0x00000000e1100000)
  to   space 13824K, 0% used [0x00000000df600000,0x00000000df600000,0x00000000e0380000)
 ParOldGen       total 78848K, used 18078K [0x0000000080000000, 0x0000000084d00000, 0x00000000d5580000)
  object space 78848K, 22% used [0x0000000080000000,0x00000000811a7840,0x0000000084d00000)
 Metaspace       used 52725K, capacity 54868K, committed 55208K, reserved 1097728K
  class space    used 7021K, capacity 7478K, committed 7600K, reserved 1048576K
Event: 8.341 GC heap after
Heap after GC invocations=13 (full 2):
 PSYoungGen      total 178176K, used 13804K [0x00000000d5580000, 0x00000000e4980000, 0x0000000100000000)
  eden space 164352K, 0% used [0x00000000d5580000,0x00000000d5580000,0x00000000df600000)
  from space 13824K, 99% used [0x00000000df600000,0x00000000e037b310,0x00000000e0380000)
  to   space 19968K, 0% used [0x00000000e3600000,0x00000000e3600000,0x00000000e4980000)
 ParOldGen       total 78848K, used 30503K [0x0000000080000000, 0x0000000084d00000, 0x00000000d5580000)
  object space 78848K, 38% used [0x0000000080000000,0x0000000081dc9c60,0x0000000084d00000)
 Metaspace       used 52725K, capacity 54868K, committed 55208K, reserved 1097728K
  class space    used 7021K, capacity 7478K, committed 7600K, reserved 1048576K
}
Event: 9.182 GC heap before
{Heap before GC invocations=14 (full 2):
 PSYoungGen      total 178176K, used 56987K [0x00000000d5580000, 0x00000000e4980000, 0x0000000100000000)
  eden space 164352K, 26% used [0x00000000d5580000,0x00000000d7fab9a8,0x00000000df600000)
  from space 13824K, 99% used [0x00000000df600000,0x00000000e037b310,0x00000000e0380000)
  to   space 19968K, 0% used [0x00000000e3600000,0x00000000e3600000,0x00000000e4980000)
 ParOldGen       total 78848K, used 30503K [0x0000000080000000, 0x0000000084d00000, 0x00000000d5580000)
  object space 78848K, 38% used [0x0000000080000000,0x0000000081dc9c60,0x0000000084d00000)
 Metaspace       used 56737K, capacity 59060K, committed 59160K, reserved 1099776K
  class space    used 7679K, capacity 8143K, committed 8224K, reserved 1048576K
Event: 9.203 GC heap after
Heap after GC invocations=14 (full 2):
 PSYoungGen      total 230400K, used 6044K [0x00000000d5580000, 0x00000000e4a00000, 0x0000000100000000)
  eden space 210432K, 0% used [0x00000000d5580000,0x00000000d5580000,0x00000000e2300000)
  from space 19968K, 30% used [0x00000000e3600000,0x00000000e3be7330,0x00000000e4980000)
  to   space 19456K, 0% used [0x00000000e2300000,0x00000000e2300000,0x00000000e3600000)
 ParOldGen       total 78848K, used 44310K [0x0000000080000000, 0x0000000084d00000, 0x00000000d5580000)
  object space 78848K, 56% used [0x0000000080000000,0x0000000082b458e8,0x0000000084d00000)
 Metaspace       used 56737K, capacity 59060K, committed 59160K, reserved 1099776K
  class space    used 7679K, capacity 8143K, committed 8224K, reserved 1048576K
}
Event: 9.203 GC heap before
{Heap before GC invocations=15 (full 3):
 PSYoungGen      total 230400K, used 6044K [0x00000000d5580000, 0x00000000e4a00000, 0x0000000100000000)
  eden space 210432K, 0% used [0x00000000d5580000,0x00000000d5580000,0x00000000e2300000)
  from space 19968K, 30% used [0x00000000e3600000,0x00000000e3be7330,0x00000000e4980000)
  to   space 19456K, 0% used [0x00000000e2300000,0x00000000e2300000,0x00000000e3600000)
 ParOldGen       total 78848K, used 44310K [0x0000000080000000, 0x0000000084d00000, 0x00000000d5580000)
  object space 78848K, 56% used [0x0000000080000000,0x0000000082b458e8,0x0000000084d00000)
 Metaspace       used 56737K, capacity 59060K, committed 59160K, reserved 1099776K
  class space    used 7679K, capacity 8143K, committed 8224K, reserved 1048576K
Event: 9.404 GC heap after
Heap after GC invocations=15 (full 3):
 PSYoungGen      total 230400K, used 0K [0x00000000d5580000, 0x00000000e4a00000, 0x0000000100000000)
  eden space 210432K, 0% used [0x00000000d5580000,0x00000000d5580000,0x00000000e2300000)
  from space 19968K, 0% used [0x00000000e3600000,0x00000000e3600000,0x00000000e4980000)
  to   space 19456K, 0% used [0x00000000e2300000,0x00000000e2300000,0x00000000e3600000)
 ParOldGen       total 78848K, used 34829K [0x0000000080000000, 0x0000000084d00000, 0x00000000d5580000)
  object space 78848K, 44% used [0x0000000080000000,0x0000000082203578,0x0000000084d00000)
 Metaspace       used 56667K, capacity 58826K, committed 59160K, reserved 1099776K
  class space    used 7658K, capacity 8104K, committed 8224K, reserved 1048576K
}
Event: 12.222 GC heap before
{Heap before GC invocations=16 (full 3):
 PSYoungGen      total 230400K, used 210432K [0x00000000d5580000, 0x00000000e4a00000, 0x0000000100000000)
  eden space 210432K, 100% used [0x00000000d5580000,0x00000000e2300000,0x00000000e2300000)
  from space 19968K, 0% used [0x00000000e3600000,0x00000000e3600000,0x00000000e4980000)
  to   space 19456K, 0% used [0x00000000e2300000,0x00000000e2300000,0x00000000e3600000)
 ParOldGen       total 78848K, used 34829K [0x0000000080000000, 0x0000000084d00000, 0x00000000d5580000)
  object space 78848K, 44% used [0x0000000080000000,0x0000000082203578,0x0000000084d00000)
 Metaspace       used 66147K, capacity 69384K, committed 69656K, reserved 1110016K
  class space    used 9128K, capacity 9741K, committed 9760K, reserved 1048576K
Event: 12.263 GC heap after
Heap after GC invocations=16 (full 3):
 PSYoungGen      total 229888K, used 19454K [0x00000000d5580000, 0x00000000e7f80000, 0x0000000100000000)
  eden space 210432K, 0% used [0x00000000d5580000,0x00000000d5580000,0x00000000e2300000)
  from space 19456K, 99% used [0x00000000e2300000,0x00000000e35ffaa0,0x00000000e3600000)
  to   space 23040K, 0% used [0x00000000e6900000,0x00000000e6900000,0x00000000e7f80000)
 ParOldGen       total 78848K, used 36184K [0x0000000080000000, 0x0000000084d00000, 0x00000000d5580000)
  object space 78848K, 45% used [0x0000000080000000,0x00000000823562c8,0x0000000084d00000)
 Metaspace       used 66147K, capacity 69384K, committed 69656K, reserved 1110016K
  class space    used 9128K, capacity 9741K, committed 9760K, reserved 1048576K
}

