# JRE version: OpenJDK Runtime Environment (8.0_242-b01) (build 1.8.0_242-release-1644-b01)
# Java VM: OpenJDK 64-Bit Server VM (25.242-b01 mixed mode windows-amd64 compressed oops)
Heap:
 PSYoungGen      total 177152K, used 25137K [0x00000000d5580000, 0x00000000e1100000, 0x0000000100000000)
  eden space 163328K, 6% used [0x00000000d5580000,0x00000000d608d478,0x00000000df500000)
  from space 13824K, 99% used [0x00000000df500000,0x00000000e027f320,0x00000000e0280000)
  to   space 13312K, 0% used [0x00000000e0280000,0x00000000e0280000,0x00000000e0f80000)
 ParOldGen       total 80896K, used 30439K [0x0000000080000000, 0x0000000084f00000, 0x00000000d5580000)
  object space 80896K, 37% used [0x0000000080000000,0x0000000081db9f00,0x0000000084f00000)
 Metaspace       used 53010K, capacity 55086K, committed 55336K, reserved 1097728K
  class space    used 7041K, capacity 7469K, committed 7472K, reserved 1048576K
GC Heap History (10 events):
Event: 3.516 GC heap before
{Heap before GC invocations=9 (full 1):
 PSYoungGen      total 75776K, used 65024K [0x00000000d5580000, 0x00000000de980000, 0x0000000100000000)
  eden space 65024K, 100% used [0x00000000d5580000,0x00000000d9500000,0x00000000d9500000)
  from space 10752K, 0% used [0x00000000d9500000,0x00000000d9500000,0x00000000d9f80000)
  to   space 10752K, 0% used [0x00000000ddf00000,0x00000000ddf00000,0x00000000de980000)
 ParOldGen       total 50688K, used 6753K [0x0000000080000000, 0x0000000083180000, 0x00000000d5580000)
  object space 50688K, 13% used [0x0000000080000000,0x0000000080698648,0x0000000083180000)
 Metaspace       used 28582K, capacity 29444K, committed 29616K, reserved 1075200K
  class space    used 3958K, capacity 4188K, committed 4272K, reserved 1048576K
Event: 3.523 GC heap after
Heap after GC invocations=9 (full 1):
 PSYoungGen      total 122880K, used 8358K [0x00000000d5580000, 0x00000000de780000, 0x0000000100000000)
  eden space 114176K, 0% used [0x00000000d5580000,0x00000000d5580000,0x00000000dc500000)
  from space 8704K, 96% used [0x00000000ddf00000,0x00000000de729890,0x00000000de780000)
  to   space 11264K, 0% used [0x00000000dd180000,0x00000000dd180000,0x00000000ddc80000)
 ParOldGen       total 50688K, used 6761K [0x0000000080000000, 0x0000000083180000, 0x00000000d5580000)
  object space 50688K, 13% used [0x0000000080000000,0x000000008069a648,0x0000000083180000)
 Metaspace       used 28582K, capacity 29444K, committed 29616K, reserved 1075200K
  class space    used 3958K, capacity 4188K, committed 4272K, reserved 1048576K
}
Event: 4.409 GC heap before
{Heap before GC invocations=10 (full 1):
 PSYoungGen      total 122880K, used 108964K [0x00000000d5580000, 0x00000000de780000, 0x0000000100000000)
  eden space 114176K, 88% used [0x00000000d5580000,0x00000000db7bf8a8,0x00000000dc500000)
  from space 8704K, 96% used [0x00000000ddf00000,0x00000000de729890,0x00000000de780000)
  to   space 11264K, 0% used [0x00000000dd180000,0x00000000dd180000,0x00000000ddc80000)
 ParOldGen       total 50688K, used 6761K [0x0000000080000000, 0x0000000083180000, 0x00000000d5580000)
  object space 50688K, 13% used [0x0000000080000000,0x000000008069a648,0x0000000083180000)
 Metaspace       used 34311K, capacity 35414K, committed 35496K, reserved 1079296K
  class space    used 4721K, capacity 5002K, committed 5040K, reserved 1048576K
Event: 4.422 GC heap after
Heap after GC invocations=10 (full 1):
 PSYoungGen      total 138240K, used 11260K [0x00000000d5580000, 0x00000000e0f80000, 0x0000000100000000)
  eden space 126976K, 0% used [0x00000000d5580000,0x00000000d5580000,0x00000000dd180000)
  from space 11264K, 99% used [0x00000000dd180000,0x00000000ddc7f050,0x00000000ddc80000)
  to   space 13312K, 0% used [0x00000000e0280000,0x00000000e0280000,0x00000000e0f80000)
 ParOldGen       total 50688K, used 7426K [0x0000000080000000, 0x0000000083180000, 0x00000000d5580000)
  object space 50688K, 14% used [0x0000000080000000,0x0000000080740af0,0x0000000083180000)
 Metaspace       used 34311K, capacity 35414K, committed 35496K, reserved 1079296K
  class space    used 4721K, capacity 5002K, committed 5040K, reserved 1048576K
}
Event: 4.423 GC heap before
{Heap before GC invocations=11 (full 2):
 PSYoungGen      total 138240K, used 11260K [0x00000000d5580000, 0x00000000e0f80000, 0x0000000100000000)
  eden space 126976K, 0% used [0x00000000d5580000,0x00000000d5580000,0x00000000dd180000)
  from space 11264K, 99% used [0x00000000dd180000,0x00000000ddc7f050,0x00000000ddc80000)
  to   space 13312K, 0% used [0x00000000e0280000,0x00000000e0280000,0x00000000e0f80000)
 ParOldGen       total 50688K, used 7426K [0x0000000080000000, 0x0000000083180000, 0x00000000d5580000)
  object space 50688K, 14% used [0x0000000080000000,0x0000000080740af0,0x0000000083180000)
 Metaspace       used 34311K, capacity 35414K, committed 35496K, reserved 1079296K
  class space    used 4721K, capacity 5002K, committed 5040K, reserved 1048576K
Event: 4.495 GC heap after
Heap after GC invocations=11 (full 2):
 PSYoungGen      total 138240K, used 0K [0x00000000d5580000, 0x00000000e0f80000, 0x0000000100000000)
  eden space 126976K, 0% used [0x00000000d5580000,0x00000000d5580000,0x00000000dd180000)
  from space 11264K, 0% used [0x00000000dd180000,0x00000000dd180000,0x00000000ddc80000)
  to   space 13312K, 0% used [0x00000000e0280000,0x00000000e0280000,0x00000000e0f80000)
 ParOldGen       total 80896K, used 18069K [0x0000000080000000, 0x0000000084f00000, 0x00000000d5580000)
  object space 80896K, 22% used [0x0000000080000000,0x00000000811a5610,0x0000000084f00000)
 Metaspace       used 34311K, capacity 35414K, committed 35496K, reserved 1079296K
  class space    used 4721K, capacity 5002K, committed 5040K, reserved 1048576K
}
Event: 5.688 GC heap before
{Heap before GC invocations=12 (full 2):
 PSYoungGen      total 138240K, used 126976K [0x00000000d5580000, 0x00000000e0f80000, 0x0000000100000000)
  eden space 126976K, 100% used [0x00000000d5580000,0x00000000dd180000,0x00000000dd180000)
  from space 11264K, 0% used [0x00000000dd180000,0x00000000dd180000,0x00000000ddc80000)
  to   space 13312K, 0% used [0x00000000e0280000,0x00000000e0280000,0x00000000e0f80000)
 ParOldGen       total 80896K, used 18069K [0x0000000080000000, 0x0000000084f00000, 0x00000000d5580000)
  object space 80896K, 22% used [0x0000000080000000,0x00000000811a5610,0x0000000084f00000)
 Metaspace       used 38265K, capacity 39968K, committed 40232K, reserved 1083392K
  class space    used 5278K, capacity 5626K, committed 5680K, reserved 1048576K
Event: 5.698 GC heap after
Heap after GC invocations=12 (full 2):
 PSYoungGen      total 176640K, used 10292K [0x00000000d5580000, 0x00000000e1100000, 0x0000000100000000)
  eden space 163328K, 0% used [0x00000000d5580000,0x00000000d5580000,0x00000000df500000)
  from space 13312K, 77% used [0x00000000e0280000,0x00000000e0c8d358,0x00000000e0f80000)
  to   space 13824K, 0% used [0x00000000df500000,0x00000000df500000,0x00000000e0280000)
 ParOldGen       total 80896K, used 18077K [0x0000000080000000, 0x0000000084f00000, 0x00000000d5580000)
  object space 80896K, 22% used [0x0000000080000000,0x00000000811a7610,0x0000000084f00000)
 Metaspace       used 38265K, capacity 39968K, committed 40232K, reserved 1083392K
  class space    used 5278K, capacity 5626K, committed 5680K, reserved 1048576K
}
Event: 7.802 GC heap before
{Heap before GC invocations=13 (full 2):
 PSYoungGen      total 176640K, used 173620K [0x00000000d5580000, 0x00000000e1100000, 0x0000000100000000)
  eden space 163328K, 100% used [0x00000000d5580000,0x00000000df500000,0x00000000df500000)
  from space 13312K, 77% used [0x00000000e0280000,0x00000000e0c8d358,0x00000000e0f80000)
  to   space 13824K, 0% used [0x00000000df500000,0x00000000df500000,0x00000000e0280000)
 ParOldGen       total 80896K, used 18077K [0x0000000080000000, 0x0000000084f00000, 0x00000000d5580000)
  object space 80896K, 22% used [0x0000000080000000,0x00000000811a7610,0x0000000084f00000)
 Metaspace       used 52647K, capacity 54714K, committed 54824K, reserved 1097728K
  class space    used 7010K, capacity 7435K, committed 7472K, reserved 1048576K
Event: 7.824 GC heap after
Heap after GC invocations=13 (full 2):
 PSYoungGen      total 177152K, used 13820K [0x00000000d5580000, 0x00000000e1100000, 0x0000000100000000)
  eden space 163328K, 0% used [0x00000000d5580000,0x00000000d5580000,0x00000000df500000)
  from space 13824K, 99% used [0x00000000df500000,0x00000000e027f320,0x00000000e0280000)
  to   space 13312K, 0% used [0x00000000e0280000,0x00000000e0280000,0x00000000e0f80000)
 ParOldGen       total 80896K, used 30439K [0x0000000080000000, 0x0000000084f00000, 0x00000000d5580000)
  object space 80896K, 37% used [0x0000000080000000,0x0000000081db9f00,0x0000000084f00000)
 Metaspace       used 52647K, capacity 54714K, committed 54824K, reserved 1097728K
  class space    used 7010K, capacity 7435K, committed 7472K, reserved 1048576K
}

