# JRE version: OpenJDK Runtime Environment (8.0_242-b01) (build 1.8.0_242-release-1644-b01)
# Java VM: OpenJDK 64-Bit Server VM (25.242-b01 mixed mode windows-amd64 compressed oops)
Heap:
 PSYoungGen      total 137216K, used 43543K [0x00000000d5580000, 0x00000000e1380000, 0x0000000100000000)
  eden space 125952K, 34% used [0x00000000d5580000,0x00000000d8005c38,0x00000000dd080000)
  from space 11264K, 0% used [0x00000000dd080000,0x00000000dd080000,0x00000000ddb80000)
  to   space 12288K, 0% used [0x00000000e0780000,0x00000000e0780000,0x00000000e1380000)
 ParOldGen       total 49152K, used 16448K [0x0000000080000000, 0x0000000083000000, 0x00000000d5580000)
  object space 49152K, 33% used [0x0000000080000000,0x00000000810101f0,0x0000000083000000)
 Metaspace       used 36453K, capacity 37578K, committed 37680K, reserved 1081344K
  class space    used 4912K, capacity 5157K, committed 5168K, reserved 1048576K
GC Heap History (10 events):
Event: 1.795 GC heap before
{Heap before GC invocations=7 (full 0):
 PSYoungGen      total 74752K, used 12992K [0x00000000d5580000, 0x00000000dab80000, 0x0000000100000000)
  eden space 64512K, 6% used [0x00000000d5580000,0x00000000d599fb28,0x00000000d9480000)
  from space 10240K, 85% used [0x00000000d9f80000,0x00000000da810868,0x00000000da980000)
  to   space 11264K, 0% used [0x00000000d9480000,0x00000000d9480000,0x00000000d9f80000)
 ParOldGen       total 86016K, used 6433K [0x0000000080000000, 0x0000000085400000, 0x00000000d5580000)
  object space 86016K, 7% used [0x0000000080000000,0x00000000806487f0,0x0000000085400000)
 Metaspace       used 20552K, capacity 21208K, committed 21296K, reserved 1067008K
  class space    used 2875K, capacity 3076K, committed 3120K, reserved 1048576K
Event: 1.799 GC heap after
Heap after GC invocations=7 (full 0):
 PSYoungGen      total 75776K, used 4068K [0x00000000d5580000, 0x00000000de880000, 0x0000000100000000)
  eden space 64512K, 0% used [0x00000000d5580000,0x00000000d5580000,0x00000000d9480000)
  from space 11264K, 36% used [0x00000000d9480000,0x00000000d9879050,0x00000000d9f80000)
  to   space 10752K, 0% used [0x00000000dde00000,0x00000000dde00000,0x00000000de880000)
 ParOldGen       total 86016K, used 8670K [0x0000000080000000, 0x0000000085400000, 0x00000000d5580000)
  object space 86016K, 10% used [0x0000000080000000,0x0000000080877850,0x0000000085400000)
 Metaspace       used 20552K, capacity 21208K, committed 21296K, reserved 1067008K
  class space    used 2875K, capacity 3076K, committed 3120K, reserved 1048576K
}
Event: 1.799 GC heap before
{Heap before GC invocations=8 (full 1):
 PSYoungGen      total 75776K, used 4068K [0x00000000d5580000, 0x00000000de880000, 0x0000000100000000)
  eden space 64512K, 0% used [0x00000000d5580000,0x00000000d5580000,0x00000000d9480000)
  from space 11264K, 36% used [0x00000000d9480000,0x00000000d9879050,0x00000000d9f80000)
  to   space 10752K, 0% used [0x00000000dde00000,0x00000000dde00000,0x00000000de880000)
 ParOldGen       total 86016K, used 8670K [0x0000000080000000, 0x0000000085400000, 0x00000000d5580000)
  object space 86016K, 10% used [0x0000000080000000,0x0000000080877850,0x0000000085400000)
 Metaspace       used 20552K, capacity 21208K, committed 21296K, reserved 1067008K
  class space    used 2875K, capacity 3076K, committed 3120K, reserved 1048576K
Event: 1.824 GC heap after
Heap after GC invocations=8 (full 1):
 PSYoungGen      total 75776K, used 0K [0x00000000d5580000, 0x00000000de880000, 0x0000000100000000)
  eden space 64512K, 0% used [0x00000000d5580000,0x00000000d5580000,0x00000000d9480000)
  from space 11264K, 0% used [0x00000000d9480000,0x00000000d9480000,0x00000000d9f80000)
  to   space 10752K, 0% used [0x00000000dde00000,0x00000000dde00000,0x00000000de880000)
 ParOldGen       total 49152K, used 6749K [0x0000000080000000, 0x0000000083000000, 0x00000000d5580000)
  object space 49152K, 13% used [0x0000000080000000,0x00000000806976b0,0x0000000083000000)
 Metaspace       used 20552K, capacity 21208K, committed 21296K, reserved 1067008K
  class space    used 2875K, capacity 3076K, committed 3120K, reserved 1048576K
}
Event: 2.248 GC heap before
{Heap before GC invocations=9 (full 1):
 PSYoungGen      total 75776K, used 64512K [0x00000000d5580000, 0x00000000de880000, 0x0000000100000000)
  eden space 64512K, 100% used [0x00000000d5580000,0x00000000d9480000,0x00000000d9480000)
  from space 11264K, 0% used [0x00000000d9480000,0x00000000d9480000,0x00000000d9f80000)
  to   space 10752K, 0% used [0x00000000dde00000,0x00000000dde00000,0x00000000de880000)
 ParOldGen       total 49152K, used 6749K [0x0000000080000000, 0x0000000083000000, 0x00000000d5580000)
  object space 49152K, 13% used [0x0000000080000000,0x0000000080697758,0x0000000083000000)
 Metaspace       used 28584K, capacity 29428K, committed 29616K, reserved 1075200K
  class space    used 3965K, capacity 4188K, committed 4272K, reserved 1048576K
Event: 2.254 GC heap after
Heap after GC invocations=9 (full 1):
 PSYoungGen      total 124928K, used 8436K [0x00000000d5580000, 0x00000000de680000, 0x0000000100000000)
  eden space 116224K, 0% used [0x00000000d5580000,0x00000000d5580000,0x00000000dc700000)
  from space 8704K, 96% used [0x00000000dde00000,0x00000000de63d008,0x00000000de680000)
  to   space 11264K, 0% used [0x00000000dd080000,0x00000000dd080000,0x00000000ddb80000)
 ParOldGen       total 49152K, used 6757K [0x0000000080000000, 0x0000000083000000, 0x00000000d5580000)
  object space 49152K, 13% used [0x0000000080000000,0x0000000080699758,0x0000000083000000)
 Metaspace       used 28584K, capacity 29428K, committed 29616K, reserved 1075200K
  class space    used 3965K, capacity 4188K, committed 4272K, reserved 1048576K
}
Event: 2.688 GC heap before
{Heap before GC invocations=10 (full 1):
 PSYoungGen      total 124928K, used 70688K [0x00000000d5580000, 0x00000000de680000, 0x0000000100000000)
  eden space 116224K, 53% used [0x00000000d5580000,0x00000000d924b1a8,0x00000000dc700000)
  from space 8704K, 96% used [0x00000000dde00000,0x00000000de63d008,0x00000000de680000)
  to   space 11264K, 0% used [0x00000000dd080000,0x00000000dd080000,0x00000000ddb80000)
 ParOldGen       total 49152K, used 6757K [0x0000000080000000, 0x0000000083000000, 0x00000000d5580000)
  object space 49152K, 13% used [0x0000000080000000,0x0000000080699758,0x0000000083000000)
 Metaspace       used 34403K, capacity 35384K, committed 35496K, reserved 1079296K
  class space    used 4634K, capacity 4901K, committed 4912K, reserved 1048576K
Event: 2.695 GC heap after
Heap after GC invocations=10 (full 1):
 PSYoungGen      total 137216K, used 10436K [0x00000000d5580000, 0x00000000e1380000, 0x0000000100000000)
  eden space 125952K, 0% used [0x00000000d5580000,0x00000000d5580000,0x00000000dd080000)
  from space 11264K, 92% used [0x00000000dd080000,0x00000000ddab1080,0x00000000ddb80000)
  to   space 12288K, 0% used [0x00000000e0780000,0x00000000e0780000,0x00000000e1380000)
 ParOldGen       total 49152K, used 6765K [0x0000000080000000, 0x0000000083000000, 0x00000000d5580000)
  object space 49152K, 13% used [0x0000000080000000,0x000000008069b758,0x0000000083000000)
 Metaspace       used 34403K, capacity 35384K, committed 35496K, reserved 1079296K
  class space    used 4634K, capacity 4901K, committed 4912K, reserved 1048576K
}
Event: 2.695 GC heap before
{Heap before GC invocations=11 (full 2):
 PSYoungGen      total 137216K, used 10436K [0x00000000d5580000, 0x00000000e1380000, 0x0000000100000000)
  eden space 125952K, 0% used [0x00000000d5580000,0x00000000d5580000,0x00000000dd080000)
  from space 11264K, 92% used [0x00000000dd080000,0x00000000ddab1080,0x00000000ddb80000)
  to   space 12288K, 0% used [0x00000000e0780000,0x00000000e0780000,0x00000000e1380000)
 ParOldGen       total 49152K, used 6765K [0x0000000080000000, 0x0000000083000000, 0x00000000d5580000)
  object space 49152K, 13% used [0x0000000080000000,0x000000008069b758,0x0000000083000000)
 Metaspace       used 34403K, capacity 35384K, committed 35496K, reserved 1079296K
  class space    used 4634K, capacity 4901K, committed 4912K, reserved 1048576K
Event: 2.744 GC heap after
Heap after GC invocations=11 (full 2):
 PSYoungGen      total 137216K, used 0K [0x00000000d5580000, 0x00000000e1380000, 0x0000000100000000)
  eden space 125952K, 0% used [0x00000000d5580000,0x00000000d5580000,0x00000000dd080000)
  from space 11264K, 0% used [0x00000000dd080000,0x00000000dd080000,0x00000000ddb80000)
  to   space 12288K, 0% used [0x00000000e0780000,0x00000000e0780000,0x00000000e1380000)
 ParOldGen       total 49152K, used 16448K [0x0000000080000000, 0x0000000083000000, 0x00000000d5580000)
  object space 49152K, 33% used [0x0000000080000000,0x00000000810101f0,0x0000000083000000)
 Metaspace       used 34403K, capacity 35384K, committed 35496K, reserved 1079296K
  class space    used 4634K, capacity 4901K, committed 4912K, reserved 1048576K
}

