# JRE version: OpenJDK Runtime Environment (8.0_242-b01) (build 1.8.0_242-release-1644-b01)
# Java VM: OpenJDK 64-Bit Server VM (25.242-b01 mixed mode windows-amd64 compressed oops)
Heap:
 PSYoungGen      total 143360K, used 129962K [0x00000000d6600000, 0x00000000e3e00000, 0x0000000100000000)
  eden space 121856K, 89% used [0x00000000d6600000,0x00000000dcfeb660,0x00000000ddd00000)
  from space 21504K, 99% used [0x00000000df800000,0x00000000e0cff2e8,0x00000000e0d00000)
  to   space 27648K, 0% used [0x00000000ddd00000,0x00000000ddd00000,0x00000000df800000)
 ParOldGen       total 136192K, used 37286K [0x0000000083200000, 0x000000008b700000, 0x00000000d6600000)
  object space 136192K, 27% used [0x0000000083200000,0x0000000085669af8,0x000000008b700000)
 Metaspace       used 57415K, capacity 58428K, committed 58752K, reserved 1101824K
  class space    used 6763K, capacity 7036K, committed 7040K, reserved 1048576K
GC Heap History (10 events):
Event: 0.962 GC heap before
{Heap before GC invocations=4 (full 1):
 PSYoungGen      total 70656K, used 5088K [0x00000000d6600000, 0x00000000df000000, 0x0000000100000000)
  eden space 65536K, 0% used [0x00000000d6600000,0x00000000d6600000,0x00000000da600000)
  from space 5120K, 99% used [0x00000000da600000,0x00000000daaf83d8,0x00000000dab00000)
  to   space 5120K, 0% used [0x00000000deb00000,0x00000000deb00000,0x00000000df000000)
 ParOldGen       total 86016K, used 24545K [0x0000000083200000, 0x0000000088600000, 0x00000000d6600000)
  object space 86016K, 28% used [0x0000000083200000,0x00000000849f85d8,0x0000000088600000)
 Metaspace       used 20730K, capacity 21144K, committed 21248K, reserved 1069056K
  class space    used 2362K, capacity 2492K, committed 2560K, reserved 1048576K
Event: 0.998 GC heap after
Heap after GC invocations=4 (full 1):
 PSYoungGen      total 70656K, used 0K [0x00000000d6600000, 0x00000000df000000, 0x0000000100000000)
  eden space 65536K, 0% used [0x00000000d6600000,0x00000000d6600000,0x00000000da600000)
  from space 5120K, 0% used [0x00000000da600000,0x00000000da600000,0x00000000dab00000)
  to   space 5120K, 0% used [0x00000000deb00000,0x00000000deb00000,0x00000000df000000)
 ParOldGen       total 92672K, used 21865K [0x0000000083200000, 0x0000000088c80000, 0x00000000d6600000)
  object space 92672K, 23% used [0x0000000083200000,0x000000008475a570,0x0000000088c80000)
 Metaspace       used 20730K, capacity 21144K, committed 21248K, reserved 1069056K
  class space    used 2362K, capacity 2492K, committed 2560K, reserved 1048576K
}
Event: 1.567 GC heap before
{Heap before GC invocations=5 (full 1):
 PSYoungGen      total 70656K, used 65536K [0x00000000d6600000, 0x00000000df000000, 0x0000000100000000)
  eden space 65536K, 100% used [0x00000000d6600000,0x00000000da600000,0x00000000da600000)
  from space 5120K, 0% used [0x00000000da600000,0x00000000da600000,0x00000000dab00000)
  to   space 5120K, 0% used [0x00000000deb00000,0x00000000deb00000,0x00000000df000000)
 ParOldGen       total 92672K, used 21865K [0x0000000083200000, 0x0000000088c80000, 0x00000000d6600000)
  object space 92672K, 23% used [0x0000000083200000,0x000000008475a570,0x0000000088c80000)
 Metaspace       used 30197K, capacity 30718K, committed 30976K, reserved 1077248K
  class space    used 3805K, capacity 3991K, committed 4096K, reserved 1048576K
Event: 1.577 GC heap after
Heap after GC invocations=5 (full 1):
 PSYoungGen      total 96768K, used 5111K [0x00000000d6600000, 0x00000000df000000, 0x0000000100000000)
  eden space 91648K, 0% used [0x00000000d6600000,0x00000000d6600000,0x00000000dbf80000)
  from space 5120K, 99% used [0x00000000deb00000,0x00000000deffdc80,0x00000000df000000)
  to   space 5120K, 0% used [0x00000000de600000,0x00000000de600000,0x00000000deb00000)
 ParOldGen       total 92672K, used 32106K [0x0000000083200000, 0x0000000088c80000, 0x00000000d6600000)
  object space 92672K, 34% used [0x0000000083200000,0x000000008515aa28,0x0000000088c80000)
 Metaspace       used 30197K, capacity 30718K, committed 30976K, reserved 1077248K
  class space    used 3805K, capacity 3991K, committed 4096K, reserved 1048576K
}
Event: 1.817 GC heap before
{Heap before GC invocations=6 (full 1):
 PSYoungGen      total 96768K, used 36231K [0x00000000d6600000, 0x00000000df000000, 0x0000000100000000)
  eden space 91648K, 33% used [0x00000000d6600000,0x00000000d8464078,0x00000000dbf80000)
  from space 5120K, 99% used [0x00000000deb00000,0x00000000deffdc80,0x00000000df000000)
  to   space 5120K, 0% used [0x00000000de600000,0x00000000de600000,0x00000000deb00000)
 ParOldGen       total 92672K, used 32106K [0x0000000083200000, 0x0000000088c80000, 0x00000000d6600000)
  object space 92672K, 34% used [0x0000000083200000,0x000000008515aa28,0x0000000088c80000)
 Metaspace       used 34618K, capacity 35190K, committed 35416K, reserved 1081344K
  class space    used 4353K, capacity 4539K, committed 4608K, reserved 1048576K
Event: 1.823 GC heap after
Heap after GC invocations=6 (full 1):
 PSYoungGen      total 133120K, used 5091K [0x00000000d6600000, 0x00000000e0d00000, 0x0000000100000000)
  eden space 128000K, 0% used [0x00000000d6600000,0x00000000d6600000,0x00000000de300000)
  from space 5120K, 99% used [0x00000000de600000,0x00000000deaf8c70,0x00000000deb00000)
  to   space 21504K, 0% used [0x00000000df800000,0x00000000df800000,0x00000000e0d00000)
 ParOldGen       total 92672K, used 39105K [0x0000000083200000, 0x0000000088c80000, 0x00000000d6600000)
  object space 92672K, 42% used [0x0000000083200000,0x00000000858304f8,0x0000000088c80000)
 Metaspace       used 34618K, capacity 35190K, committed 35416K, reserved 1081344K
  class space    used 4353K, capacity 4539K, committed 4608K, reserved 1048576K
}
Event: 1.823 GC heap before
{Heap before GC invocations=7 (full 2):
 PSYoungGen      total 133120K, used 5091K [0x00000000d6600000, 0x00000000e0d00000, 0x0000000100000000)
  eden space 128000K, 0% used [0x00000000d6600000,0x00000000d6600000,0x00000000de300000)
  from space 5120K, 99% used [0x00000000de600000,0x00000000deaf8c70,0x00000000deb00000)
  to   space 21504K, 0% used [0x00000000df800000,0x00000000df800000,0x00000000e0d00000)
 ParOldGen       total 92672K, used 39105K [0x0000000083200000, 0x0000000088c80000, 0x00000000d6600000)
  object space 92672K, 42% used [0x0000000083200000,0x00000000858304f8,0x0000000088c80000)
 Metaspace       used 34618K, capacity 35190K, committed 35416K, reserved 1081344K
  class space    used 4353K, capacity 4539K, committed 4608K, reserved 1048576K
Event: 1.878 GC heap after
Heap after GC invocations=7 (full 2):
 PSYoungGen      total 133120K, used 0K [0x00000000d6600000, 0x00000000e0d00000, 0x0000000100000000)
  eden space 128000K, 0% used [0x00000000d6600000,0x00000000d6600000,0x00000000de300000)
  from space 5120K, 0% used [0x00000000de600000,0x00000000de600000,0x00000000deb00000)
  to   space 21504K, 0% used [0x00000000df800000,0x00000000df800000,0x00000000e0d00000)
 ParOldGen       total 136192K, used 32403K [0x0000000083200000, 0x000000008b700000, 0x00000000d6600000)
  object space 136192K, 23% used [0x0000000083200000,0x00000000851a4f00,0x000000008b700000)
 Metaspace       used 34618K, capacity 35190K, committed 35416K, reserved 1081344K
  class space    used 4353K, capacity 4539K, committed 4608K, reserved 1048576K
}
Event: 3.034 GC heap before
{Heap before GC invocations=8 (full 2):
 PSYoungGen      total 133120K, used 128000K [0x00000000d6600000, 0x00000000e0d00000, 0x0000000100000000)
  eden space 128000K, 100% used [0x00000000d6600000,0x00000000de300000,0x00000000de300000)
  from space 5120K, 0% used [0x00000000de600000,0x00000000de600000,0x00000000deb00000)
  to   space 21504K, 0% used [0x00000000df800000,0x00000000df800000,0x00000000e0d00000)
 ParOldGen       total 136192K, used 32403K [0x0000000083200000, 0x000000008b700000, 0x00000000d6600000)
  object space 136192K, 23% used [0x0000000083200000,0x00000000851a4f00,0x000000008b700000)
 Metaspace       used 45397K, capacity 46170K, committed 46464K, reserved 1089536K
  class space    used 5490K, capacity 5705K, committed 5760K, reserved 1048576K
Event: 3.048 GC heap after
Heap after GC invocations=8 (full 2):
 PSYoungGen      total 143360K, used 21500K [0x00000000d6600000, 0x00000000e3e00000, 0x0000000100000000)
  eden space 121856K, 0% used [0x00000000d6600000,0x00000000d6600000,0x00000000ddd00000)
  from space 21504K, 99% used [0x00000000df800000,0x00000000e0cff2e8,0x00000000e0d00000)
  to   space 27648K, 0% used [0x00000000ddd00000,0x00000000ddd00000,0x00000000df800000)
 ParOldGen       total 136192K, used 37286K [0x0000000083200000, 0x000000008b700000, 0x00000000d6600000)
  object space 136192K, 27% used [0x0000000083200000,0x0000000085669af8,0x000000008b700000)
 Metaspace       used 45397K, capacity 46170K, committed 46464K, reserved 1089536K
  class space    used 5490K, capacity 5705K, committed 5760K, reserved 1048576K
}

