# JRE version: OpenJDK Runtime Environment (8.0_242-b01) (build 1.8.0_242-release-1644-b01)
# Java VM: OpenJDK 64-Bit Server VM (25.242-b01 mixed mode windows-amd64 compressed oops)
Heap:
 PSYoungGen      total 418816K, used 400595K [0x00000000d5580000, 0x00000000f1700000, 0x0000000100000000)
  eden space 393216K, 95% used [0x00000000d5580000,0x00000000ec3bb0a0,0x00000000ed580000)
  from space 25600K, 99% used [0x00000000efe00000,0x00000000f16f9ec8,0x00000000f1700000)
  to   space 31744K, 0% used [0x00000000ed900000,0x00000000ed900000,0x00000000ef800000)
 ParOldGen       total 145920K, used 45179K [0x0000000080000000, 0x0000000088e80000, 0x00000000d5580000)
  object space 145920K, 30% used [0x0000000080000000,0x0000000082c1ee40,0x0000000088e80000)
 Metaspace       used 80767K, capacity 86592K, committed 86680K, reserved 1124352K
  class space    used 11331K, capacity 12371K, committed 12448K, reserved 1048576K
GC Heap History (10 events):
Event: 3.824 GC heap before
{Heap before GC invocations=9 (full 2):
 PSYoungGen      total 271360K, used 8950K [0x00000000d5580000, 0x00000000eb680000, 0x0000000100000000)
  eden space 254976K, 0% used [0x00000000d5580000,0x00000000d5580000,0x00000000e4e80000)
  from space 16384K, 54% used [0x00000000e4e80000,0x00000000e573d988,0x00000000e5e80000)
  to   space 15872K, 0% used [0x00000000ea700000,0x00000000ea700000,0x00000000eb680000)
 ParOldGen       total 59392K, used 8676K [0x0000000080000000, 0x0000000083a00000, 0x00000000d5580000)
  object space 59392K, 14% used [0x0000000080000000,0x00000000808792d8,0x0000000083a00000)
 Metaspace       used 34253K, capacity 35396K, committed 35496K, reserved 1079296K
  class space    used 4713K, capacity 5001K, committed 5040K, reserved 1048576K
Event: 3.893 GC heap after
Heap after GC invocations=9 (full 2):
 PSYoungGen      total 271360K, used 0K [0x00000000d5580000, 0x00000000eb680000, 0x0000000100000000)
  eden space 254976K, 0% used [0x00000000d5580000,0x00000000d5580000,0x00000000e4e80000)
  from space 16384K, 0% used [0x00000000e4e80000,0x00000000e4e80000,0x00000000e5e80000)
  to   space 15872K, 0% used [0x00000000ea700000,0x00000000ea700000,0x00000000eb680000)
 ParOldGen       total 93696K, used 15217K [0x0000000080000000, 0x0000000085b80000, 0x00000000d5580000)
  object space 93696K, 16% used [0x0000000080000000,0x0000000080edc798,0x0000000085b80000)
 Metaspace       used 34253K, capacity 35396K, committed 35496K, reserved 1079296K
  class space    used 4713K, capacity 5001K, committed 5040K, reserved 1048576K
}
Event: 10.123 GC heap before
{Heap before GC invocations=10 (full 2):
 PSYoungGen      total 271360K, used 254976K [0x00000000d5580000, 0x00000000eb680000, 0x0000000100000000)
  eden space 254976K, 100% used [0x00000000d5580000,0x00000000e4e80000,0x00000000e4e80000)
  from space 16384K, 0% used [0x00000000e4e80000,0x00000000e4e80000,0x00000000e5e80000)
  to   space 15872K, 0% used [0x00000000ea700000,0x00000000ea700000,0x00000000eb680000)
 ParOldGen       total 93696K, used 15217K [0x0000000080000000, 0x0000000085b80000, 0x00000000d5580000)
  object space 93696K, 16% used [0x0000000080000000,0x0000000080edc798,0x0000000085b80000)
 Metaspace       used 45883K, capacity 47832K, committed 48040K, reserved 1091584K
  class space    used 6206K, capacity 6574K, committed 6576K, reserved 1048576K
Event: 10.144 GC heap after
Heap after GC invocations=10 (full 2):
 PSYoungGen      total 342016K, used 15843K [0x00000000d5580000, 0x00000000ecd80000, 0x0000000100000000)
  eden space 326144K, 0% used [0x00000000d5580000,0x00000000d5580000,0x00000000e9400000)
  from space 15872K, 99% used [0x00000000ea700000,0x00000000eb678e60,0x00000000eb680000)
  to   space 19456K, 0% used [0x00000000e9400000,0x00000000e9400000,0x00000000ea700000)
 ParOldGen       total 93696K, used 18546K [0x0000000080000000, 0x0000000085b80000, 0x00000000d5580000)
  object space 93696K, 19% used [0x0000000080000000,0x000000008121ca10,0x0000000085b80000)
 Metaspace       used 45883K, capacity 47832K, committed 48040K, reserved 1091584K
  class space    used 6206K, capacity 6574K, committed 6576K, reserved 1048576K
}
Event: 11.977 GC heap before
{Heap before GC invocations=11 (full 2):
 PSYoungGen      total 342016K, used 158388K [0x00000000d5580000, 0x00000000ecd80000, 0x0000000100000000)
  eden space 326144K, 43% used [0x00000000d5580000,0x00000000de0b42b8,0x00000000e9400000)
  from space 15872K, 99% used [0x00000000ea700000,0x00000000eb678e60,0x00000000eb680000)
  to   space 19456K, 0% used [0x00000000e9400000,0x00000000e9400000,0x00000000ea700000)
 ParOldGen       total 93696K, used 18546K [0x0000000080000000, 0x0000000085b80000, 0x00000000d5580000)
  object space 93696K, 19% used [0x0000000080000000,0x000000008121ca10,0x0000000085b80000)
 Metaspace       used 56743K, capacity 59056K, committed 59160K, reserved 1099776K
  class space    used 7675K, capacity 8143K, committed 8224K, reserved 1048576K
Event: 12.055 GC heap after
Heap after GC invocations=11 (full 2):
 PSYoungGen      total 345600K, used 19453K [0x00000000d5580000, 0x00000000f1700000, 0x0000000100000000)
  eden space 326144K, 0% used [0x00000000d5580000,0x00000000d5580000,0x00000000e9400000)
  from space 19456K, 99% used [0x00000000e9400000,0x00000000ea6ff4b0,0x00000000ea700000)
  to   space 25600K, 0% used [0x00000000efe00000,0x00000000efe00000,0x00000000f1700000)
 ParOldGen       total 93696K, used 26391K [0x0000000080000000, 0x0000000085b80000, 0x00000000d5580000)
  object space 93696K, 28% used [0x0000000080000000,0x00000000819c5c10,0x0000000085b80000)
 Metaspace       used 56743K, capacity 59056K, committed 59160K, reserved 1099776K
  class space    used 7675K, capacity 8143K, committed 8224K, reserved 1048576K
}
Event: 12.056 GC heap before
{Heap before GC invocations=12 (full 3):
 PSYoungGen      total 345600K, used 19453K [0x00000000d5580000, 0x00000000f1700000, 0x0000000100000000)
  eden space 326144K, 0% used [0x00000000d5580000,0x00000000d5580000,0x00000000e9400000)
  from space 19456K, 99% used [0x00000000e9400000,0x00000000ea6ff4b0,0x00000000ea700000)
  to   space 25600K, 0% used [0x00000000efe00000,0x00000000efe00000,0x00000000f1700000)
 ParOldGen       total 93696K, used 26391K [0x0000000080000000, 0x0000000085b80000, 0x00000000d5580000)
  object space 93696K, 28% used [0x0000000080000000,0x00000000819c5c10,0x0000000085b80000)
 Metaspace       used 56743K, capacity 59056K, committed 59160K, reserved 1099776K
  class space    used 7675K, capacity 8143K, committed 8224K, reserved 1048576K
Event: 12.397 GC heap after
Heap after GC invocations=12 (full 3):
 PSYoungGen      total 345600K, used 0K [0x00000000d5580000, 0x00000000f1700000, 0x0000000100000000)
  eden space 326144K, 0% used [0x00000000d5580000,0x00000000d5580000,0x00000000e9400000)
  from space 19456K, 0% used [0x00000000e9400000,0x00000000e9400000,0x00000000ea700000)
  to   space 25600K, 0% used [0x00000000efe00000,0x00000000efe00000,0x00000000f1700000)
 ParOldGen       total 145920K, used 39552K [0x0000000080000000, 0x0000000088e80000, 0x00000000d5580000)
  object space 145920K, 27% used [0x0000000080000000,0x00000000826a0198,0x0000000088e80000)
 Metaspace       used 56674K, capacity 58822K, committed 59160K, reserved 1099776K
  class space    used 7653K, capacity 8104K, committed 8224K, reserved 1048576K
}
Event: 23.429 GC heap before
{Heap before GC invocations=13 (full 3):
 PSYoungGen      total 345600K, used 326144K [0x00000000d5580000, 0x00000000f1700000, 0x0000000100000000)
  eden space 326144K, 100% used [0x00000000d5580000,0x00000000e9400000,0x00000000e9400000)
  from space 19456K, 0% used [0x00000000e9400000,0x00000000e9400000,0x00000000ea700000)
  to   space 25600K, 0% used [0x00000000efe00000,0x00000000efe00000,0x00000000f1700000)
 ParOldGen       total 145920K, used 39552K [0x0000000080000000, 0x0000000088e80000, 0x00000000d5580000)
  object space 145920K, 27% used [0x0000000080000000,0x00000000826a0198,0x0000000088e80000)
 Metaspace       used 70266K, capacity 73660K, committed 73752K, reserved 1112064K
  class space    used 9614K, capacity 10261K, committed 10272K, reserved 1048576K
Event: 23.455 GC heap after
Heap after GC invocations=13 (full 3):
 PSYoungGen      total 418816K, used 25575K [0x00000000d5580000, 0x00000000f1700000, 0x0000000100000000)
  eden space 393216K, 0% used [0x00000000d5580000,0x00000000d5580000,0x00000000ed580000)
  from space 25600K, 99% used [0x00000000efe00000,0x00000000f16f9ec8,0x00000000f1700000)
  to   space 31744K, 0% used [0x00000000ed900000,0x00000000ed900000,0x00000000ef800000)
 ParOldGen       total 145920K, used 45179K [0x0000000080000000, 0x0000000088e80000, 0x00000000d5580000)
  object space 145920K, 30% used [0x0000000080000000,0x0000000082c1ee40,0x0000000088e80000)
 Metaspace       used 70266K, capacity 73660K, committed 73752K, reserved 1112064K
  class space    used 9614K, capacity 10261K, committed 10272K, reserved 1048576K
}

